[ 2016-12-14T23:46:38+08:00 ] 127.0.0.1 127.0.0.1 GET /index.php/admin/majorinfo/index.html
[ log ] www.myweb.com/index.php/admin/majorinfo/index.html [运行时间：0.106407s][吞吐率：9.40req/s] [内存消耗：643.26kb] [文件加载：54]
[ info ] [ LANG ] /mnt/www/html/myphpweb/thinkphp/lang/zh-cn.php
[ info ] [ ROUTE ] array (
  'type' => 'module',
  'module' => 
  array (
    0 => 'admin',
    1 => 'majorinfo',
    2 => 'index',
  ),
)
[ info ] [ HEADER ] array (
  'host' => 'www.myweb.com',
  'connection' => 'keep-alive',
  'cache-control' => 'max-age=0',
  'upgrade-insecure-requests' => '1',
  'user-agent' => 'Mozilla/5.0 (X11; Linux x86_64) AppleWebKit/537.36 (KHTML, like Gecko) Chrome/54.0.2840.90 Safari/537.36',
  'accept' => 'text/html,application/xhtml+xml,application/xml;q=0.9,image/webp,*/*;q=0.8',
  'accept-encoding' => 'gzip, deflate, sdch',
  'accept-language' => 'zh-CN,zh;q=0.8',
  'cookie' => 'PHPSESSID=bc784vtedrvf23r0gvj273duo0',
)
[ info ] [ PARAM ] array (
)
[ info ] [ RUN ] app\admin\controller\Majorinfo->index[ /mnt/www/html/myphpweb/apps/admin/controller/Majorinfo.php ]
[ info ] [ SESSION ] INIT array (
  'id' => '',
  'var_session_id' => '',
  'prefix' => 'think',
  'type' => '',
  'auto_start' => true,
)
[ info ] [ DB ] INIT mysql
[ info ] [ DB ] INIT mysql
[ info ] [ DB ] INIT mysql
[ info ] [ VIEW ] /mnt/www/html/myphpweb/apps/admin/view/majorinfo/index.html [ array (
  0 => 'academyinfo',
  1 => 'majorinfo',
  2 => 'page_assign',
) ]
[ info ] [ LOG ] INIT File
[ sql ] [ DB ] CONNECT:[ UseTime:0.000489s ] mysql:dbname=student_apartment_info;host=127.0.0.1;port=3306;charset=utf8
[ sql ] [ SQL ] select count(*) as count from majorinfo [ RunTime:0.000351s ]
[ sql ] [ DB ] CONNECT:[ UseTime:0.000239s ] mysql:dbname=student_apartment_info;host=127.0.0.1;port=3306;charset=utf8
[ sql ] [ SQL ] select * from academyinfo order by AcademyId desc [ RunTime:0.000270s ]
[ sql ] [ DB ] CONNECT:[ UseTime:0.000322s ] mysql:dbname=student_apartment_info;host=127.0.0.1;port=3306;charset=utf8
[ sql ] [ SQL ] select M.MajorId,M.AId,M.MajorName,A.AcademyName from majorinfo as M JOIN academyinfo as A where M.AId=A.AcademyId order by MajorId desc limit 0,5 [ RunTime:0.000387s ]

---------------------------------------------------------------
[ 2016-12-14T23:46:50+08:00 ] 127.0.0.1 127.0.0.1 GET /index.php/admin/majorinfo/index.html
[ log ] www.myweb.com/index.php/admin/majorinfo/index.html [运行时间：0.030212s][吞吐率：33.10req/s] [内存消耗：541.38kb] [文件加载：52]
[ info ] [ LANG ] /mnt/www/html/myphpweb/thinkphp/lang/zh-cn.php
[ info ] [ ROUTE ] array (
  'type' => 'module',
  'module' => 
  array (
    0 => 'admin',
    1 => 'majorinfo',
    2 => 'index',
  ),
)
[ info ] [ HEADER ] array (
  'host' => 'www.myweb.com',
  'connection' => 'keep-alive',
  'upgrade-insecure-requests' => '1',
  'user-agent' => 'Mozilla/5.0 (X11; Linux x86_64) AppleWebKit/537.36 (KHTML, like Gecko) Chrome/54.0.2840.90 Safari/537.36',
  'accept' => 'text/html,application/xhtml+xml,application/xml;q=0.9,image/webp,*/*;q=0.8',
  'accept-encoding' => 'gzip, deflate, sdch',
  'accept-language' => 'zh-CN,zh;q=0.8',
  'cookie' => 'PHPSESSID=bc784vtedrvf23r0gvj273duo0',
)
[ info ] [ PARAM ] array (
)
[ info ] [ RUN ] app\admin\controller\Majorinfo->index[ /mnt/www/html/myphpweb/apps/admin/controller/Majorinfo.php ]
[ info ] [ SESSION ] INIT array (
  'id' => '',
  'var_session_id' => '',
  'prefix' => 'think',
  'type' => '',
  'auto_start' => true,
)
[ info ] [ DB ] INIT mysql
[ info ] [ DB ] INIT mysql
[ info ] [ DB ] INIT mysql
[ info ] [ VIEW ] /mnt/www/html/myphpweb/apps/admin/view/majorinfo/index.html [ array (
  0 => 'academyinfo',
  1 => 'majorinfo',
  2 => 'page_assign',
) ]
[ info ] [ LOG ] INIT File
[ sql ] [ DB ] CONNECT:[ UseTime:0.000352s ] mysql:dbname=student_apartment_info;host=127.0.0.1;port=3306;charset=utf8
[ sql ] [ SQL ] select count(*) as count from majorinfo [ RunTime:0.000298s ]
[ sql ] [ DB ] CONNECT:[ UseTime:0.000229s ] mysql:dbname=student_apartment_info;host=127.0.0.1;port=3306;charset=utf8
[ sql ] [ SQL ] select * from academyinfo order by AcademyId desc [ RunTime:0.000198s ]
[ sql ] [ DB ] CONNECT:[ UseTime:0.000223s ] mysql:dbname=student_apartment_info;host=127.0.0.1;port=3306;charset=utf8
[ sql ] [ SQL ] select M.MajorId,M.AId,M.MajorName,A.AcademyName from majorinfo as M JOIN academyinfo as A where M.AId=A.AcademyId order by MajorId desc limit 0,5 [ RunTime:0.000247s ]

---------------------------------------------------------------
[ 2016-12-14T23:46:57+08:00 ] 127.0.0.1 127.0.0.1 GET /index.php/admin/majorinfo/index.html
[ log ] www.myweb.com/index.php/admin/majorinfo/index.html [运行时间：0.006575s][吞吐率：152.09req/s] [内存消耗：540.78kb] [文件加载：52]
[ info ] [ LANG ] /mnt/www/html/myphpweb/thinkphp/lang/zh-cn.php
[ info ] [ ROUTE ] array (
  'type' => 'module',
  'module' => 
  array (
    0 => 'admin',
    1 => 'majorinfo',
    2 => 'index',
  ),
)
[ info ] [ HEADER ] array (
  'host' => 'www.myweb.com',
  'connection' => 'keep-alive',
  'cache-control' => 'max-age=0',
  'upgrade-insecure-requests' => '1',
  'user-agent' => 'Mozilla/5.0 (X11; Linux x86_64) AppleWebKit/537.36 (KHTML, like Gecko) Chrome/54.0.2840.90 Safari/537.36',
  'accept' => 'text/html,application/xhtml+xml,application/xml;q=0.9,image/webp,*/*;q=0.8',
  'accept-encoding' => 'gzip, deflate, sdch',
  'accept-language' => 'zh-CN,zh;q=0.8',
  'cookie' => 'PHPSESSID=bc784vtedrvf23r0gvj273duo0',
)
[ info ] [ PARAM ] array (
)
[ info ] [ RUN ] app\admin\controller\Majorinfo->index[ /mnt/www/html/myphpweb/apps/admin/controller/Majorinfo.php ]
[ info ] [ SESSION ] INIT array (
  'id' => '',
  'var_session_id' => '',
  'prefix' => 'think',
  'type' => '',
  'auto_start' => true,
)
[ info ] [ DB ] INIT mysql
[ info ] [ DB ] INIT mysql
[ info ] [ DB ] INIT mysql
[ info ] [ VIEW ] /mnt/www/html/myphpweb/apps/admin/view/majorinfo/index.html [ array (
  0 => 'academyinfo',
  1 => 'majorinfo',
  2 => 'page_assign',
) ]
[ info ] [ LOG ] INIT File
[ sql ] [ DB ] CONNECT:[ UseTime:0.000884s ] mysql:dbname=student_apartment_info;host=127.0.0.1;port=3306;charset=utf8
[ sql ] [ SQL ] select count(*) as count from majorinfo [ RunTime:0.000901s ]
[ sql ] [ DB ] CONNECT:[ UseTime:0.000504s ] mysql:dbname=student_apartment_info;host=127.0.0.1;port=3306;charset=utf8
[ sql ] [ SQL ] select * from academyinfo order by AcademyId desc [ RunTime:0.000332s ]
[ sql ] [ DB ] CONNECT:[ UseTime:0.000270s ] mysql:dbname=student_apartment_info;host=127.0.0.1;port=3306;charset=utf8
[ sql ] [ SQL ] select M.MajorId,M.AId,M.MajorName,A.AcademyName from majorinfo as M JOIN academyinfo as A where M.AId=A.AcademyId order by MajorId desc limit 0,5 [ RunTime:0.000276s ]

---------------------------------------------------------------
[ 2016-12-14T23:47:10+08:00 ] 127.0.0.1 127.0.0.1 GET /index.php/admin/majorinfo/index.html
[ log ] www.myweb.com/index.php/admin/majorinfo/index.html [运行时间：0.084439s][吞吐率：11.84req/s] [内存消耗：314.38kb] [文件加载：48]
[ info ] [ LANG ] /mnt/www/html/myphpweb/thinkphp/lang/zh-cn.php
[ info ] [ ROUTE ] array (
  'type' => 'module',
  'module' => 
  array (
    0 => 'admin',
    1 => 'majorinfo',
    2 => 'index',
  ),
)
[ info ] [ HEADER ] array (
  'host' => 'www.myweb.com',
  'connection' => 'keep-alive',
  'upgrade-insecure-requests' => '1',
  'user-agent' => 'Mozilla/5.0 (X11; Linux x86_64) AppleWebKit/537.36 (KHTML, like Gecko) Chrome/54.0.2840.90 Safari/537.36',
  'accept' => 'text/html,application/xhtml+xml,application/xml;q=0.9,image/webp,*/*;q=0.8',
  'accept-encoding' => 'gzip, deflate, sdch',
  'accept-language' => 'zh-CN,zh;q=0.8',
)
[ info ] [ PARAM ] array (
)
[ info ] [ RUN ] app\admin\controller\Majorinfo->index[ /mnt/www/html/myphpweb/apps/admin/controller/Majorinfo.php ]
[ info ] [ SESSION ] INIT array (
  'id' => '',
  'var_session_id' => '',
  'prefix' => 'think',
  'type' => '',
  'auto_start' => true,
)
[ info ] [ LOG ] INIT File

---------------------------------------------------------------
[ 2016-12-14T23:47:10+08:00 ] 127.0.0.1 127.0.0.1 GET /index.php/index/index/index.html
[ log ] www.myweb.com/index.php/index/index/index.html [运行时间：0.003506s][吞吐率：285.23req/s] [内存消耗：512.80kb] [文件加载：52]
[ info ] [ LANG ] /mnt/www/html/myphpweb/thinkphp/lang/zh-cn.php
[ info ] [ ROUTE ] array (
  'type' => 'module',
  'module' => 
  array (
    0 => 'index',
    1 => 'index',
    2 => 'index',
  ),
)
[ info ] [ HEADER ] array (
  'host' => 'www.myweb.com',
  'connection' => 'keep-alive',
  'upgrade-insecure-requests' => '1',
  'user-agent' => 'Mozilla/5.0 (X11; Linux x86_64) AppleWebKit/537.36 (KHTML, like Gecko) Chrome/54.0.2840.90 Safari/537.36',
  'accept' => 'text/html,application/xhtml+xml,application/xml;q=0.9,image/webp,*/*;q=0.8',
  'accept-encoding' => 'gzip, deflate, sdch',
  'accept-language' => 'zh-CN,zh;q=0.8',
  'cookie' => 'PHPSESSID=srg3aflicsbtm213jnhjccgmu5',
)
[ info ] [ PARAM ] array (
)
[ info ] [ RUN ] app\index\controller\Index->index[ /mnt/www/html/myphpweb/apps/index/controller/Index.php ]
[ info ] [ DB ] INIT mysql
[ info ] [ DB ] INIT mysql
[ info ] [ VIEW ] /mnt/www/html/myphpweb/apps/index/view/index/index.html [ array (
  0 => 'common_nf',
  1 => 'academyinfo',
  2 => 'dormitoryinfo',
) ]
[ info ] [ LOG ] INIT File
[ sql ] [ DB ] CONNECT:[ UseTime:0.000370s ] mysql:dbname=student_apartment_info;host=127.0.0.1;port=3306;charset=utf8
[ sql ] [ SQL ] select * from academyinfo order by AcademyId desc [ RunTime:0.000262s ]
[ sql ] [ DB ] CONNECT:[ UseTime:0.000299s ] mysql:dbname=student_apartment_info;host=127.0.0.1;port=3306;charset=utf8
[ sql ] [ SQL ] select DormitoryId,Building,Unit,DormitoryNo from dormitoryinfo order by Building,Unit,DormitoryNo ASC [ RunTime:0.000273s ]

---------------------------------------------------------------
[ 2016-12-14T23:47:11+08:00 ] 127.0.0.1 127.0.0.1 GET /index.php/index/index/favicon.ico
[ log ] www.myweb.com/index.php/index/index/favicon.ico [运行时间：0.061311s][吞吐率：16.31req/s] [内存消耗：293.93kb] [文件加载：45]
[ info ] [ LANG ] /mnt/www/html/myphpweb/thinkphp/lang/zh-cn.php
[ info ] [ ROUTE ] array (
  'type' => 'module',
  'module' => 
  array (
    0 => 'index',
    1 => 'index',
    2 => 'favicon.ico',
  ),
)
[ info ] [ HEADER ] array (
  'host' => 'www.myweb.com',
  'connection' => 'keep-alive',
  'user-agent' => 'Mozilla/5.0 (X11; Linux x86_64) AppleWebKit/537.36 (KHTML, like Gecko) Chrome/54.0.2840.90 Safari/537.36',
  'accept' => '*/*',
  'referer' => 'http://www.myweb.com/index.php/index/index/index.html',
  'accept-encoding' => 'gzip, deflate, sdch',
  'accept-language' => 'zh-CN,zh;q=0.8',
  'cookie' => 'PHPSESSID=srg3aflicsbtm213jnhjccgmu5',
)
[ info ] [ PARAM ] array (
)
[ info ] [ LOG ] INIT File

---------------------------------------------------------------
[ 2016-12-14T23:47:12+08:00 ] 127.0.0.1 127.0.0.1 POST /index.php/index/index/login.html
[ log ] www.myweb.com/index.php/index/index/login.html [运行时间：0.051260s][吞吐率：19.51req/s] [内存消耗：470.70kb] [文件加载：53]
[ info ] [ LANG ] /mnt/www/html/myphpweb/thinkphp/lang/zh-cn.php
[ info ] [ ROUTE ] array (
  'type' => 'module',
  'module' => 
  array (
    0 => 'index',
    1 => 'index',
    2 => 'login',
  ),
)
[ info ] [ HEADER ] array (
  'host' => 'www.myweb.com',
  'connection' => 'keep-alive',
  'content-length' => '36',
  'cache-control' => 'max-age=0',
  'origin' => 'http://www.myweb.com',
  'upgrade-insecure-requests' => '1',
  'user-agent' => 'Mozilla/5.0 (X11; Linux x86_64) AppleWebKit/537.36 (KHTML, like Gecko) Chrome/54.0.2840.90 Safari/537.36',
  'content-type' => 'application/x-www-form-urlencoded',
  'accept' => 'text/html,application/xhtml+xml,application/xml;q=0.9,image/webp,*/*;q=0.8',
  'referer' => 'http://www.myweb.com/index.php/index/index/index.html',
  'accept-encoding' => 'gzip, deflate',
  'accept-language' => 'zh-CN,zh;q=0.8',
  'cookie' => 'PHPSESSID=srg3aflicsbtm213jnhjccgmu5',
)
[ info ] [ PARAM ] array (
  'username' => '20131156011',
  'password' => '123456',
)
[ info ] [ RUN ] app\index\controller\Index->login[ /mnt/www/html/myphpweb/apps/index/controller/Index.php ]
[ info ] [ DB ] INIT mysql
[ info ] [ SESSION ] INIT array (
  'id' => '',
  'var_session_id' => '',
  'prefix' => 'think',
  'type' => '',
  'auto_start' => true,
)
[ info ] [ LOG ] INIT File
[ sql ] [ DB ] CONNECT:[ UseTime:0.001817s ] mysql:dbname=student_apartment_info;host=127.0.0.1;port=3306;charset=utf8
[ sql ] [ SQL ] SHOW COLUMNS FROM `studentinfo` [ RunTime:0.018391s ]
[ sql ] [ SQL ] SELECT * FROM `studentinfo` WHERE  `StudentNo` = '20131156011'  AND `Password` = 'e10adc3949ba59abbe56e057f20f883e' LIMIT 1     [ RunTime:0.000337s ]

---------------------------------------------------------------
[ 2016-12-14T23:47:17+08:00 ] 127.0.0.1 127.0.0.1 GET /index.php/admin/index/index.html
[ log ] www.myweb.com/index.php/admin/index/index.html [运行时间：0.001764s][吞吐率：566.87req/s] [内存消耗：357.11kb] [文件加载：49]
[ info ] [ LANG ] /mnt/www/html/myphpweb/thinkphp/lang/zh-cn.php
[ info ] [ ROUTE ] array (
  'type' => 'module',
  'module' => 
  array (
    0 => 'admin',
    1 => 'index',
    2 => 'index',
  ),
)
[ info ] [ HEADER ] array (
  'host' => 'www.myweb.com',
  'connection' => 'keep-alive',
  'cache-control' => 'max-age=0',
  'upgrade-insecure-requests' => '1',
  'user-agent' => 'Mozilla/5.0 (X11; Linux x86_64) AppleWebKit/537.36 (KHTML, like Gecko) Chrome/54.0.2840.90 Safari/537.36',
  'accept' => 'text/html,application/xhtml+xml,application/xml;q=0.9,image/webp,*/*;q=0.8',
  'referer' => 'http://www.myweb.com/index.php/index/index/index.html',
  'accept-encoding' => 'gzip, deflate, sdch',
  'accept-language' => 'zh-CN,zh;q=0.8',
  'cookie' => 'PHPSESSID=srg3aflicsbtm213jnhjccgmu5',
)
[ info ] [ PARAM ] array (
)
[ info ] [ RUN ] app\admin\controller\Index->index[ /mnt/www/html/myphpweb/apps/admin/controller/Index.php ]
[ info ] [ SESSION ] INIT array (
  'id' => '',
  'var_session_id' => '',
  'prefix' => 'think',
  'type' => '',
  'auto_start' => true,
)
[ info ] [ VIEW ] /mnt/www/html/myphpweb/apps/admin/view/index/index.html [ array (
) ]
[ info ] [ LOG ] INIT File

---------------------------------------------------------------
