[ 2016-12-16T05:15:10+08:00 ] 127.0.0.1 127.0.0.1 GET /index.php/admin/valuablesinfo/index.html
[ log ] www.myweb.com/index.php/admin/valuablesinfo/index.html [运行时间：1.075974s][吞吐率：0.93req/s] [内存消耗：394.57kb] [文件加载：49]
[ info ] [ LANG ] /mnt/www/html/myphpweb/thinkphp/lang/zh-cn.php
[ info ] [ ROUTE ] array (
  'type' => 'module',
  'module' => 
  array (
    0 => 'admin',
    1 => 'valuablesinfo',
    2 => 'index',
  ),
)
[ info ] [ HEADER ] array (
  'host' => 'www.myweb.com',
  'connection' => 'keep-alive',
  'cache-control' => 'max-age=0',
  'upgrade-insecure-requests' => '1',
  'user-agent' => 'Mozilla/5.0 (X11; Linux x86_64) AppleWebKit/537.36 (KHTML, like Gecko) Chrome/54.0.2840.90 Safari/537.36',
  'accept' => 'text/html,application/xhtml+xml,application/xml;q=0.9,image/webp,*/*;q=0.8',
  'accept-encoding' => 'gzip, deflate, sdch',
  'accept-language' => 'zh-CN,zh;q=0.8',
  'cookie' => 'PHPSESSID=6r52lmv2di8hcopsjohuue2vj5',
)
[ info ] [ PARAM ] array (
)
[ info ] [ RUN ] app\admin\controller\Valuablesinfo->index[ /mnt/www/html/myphpweb/apps/admin/controller/Valuablesinfo.php ]
[ info ] [ SESSION ] INIT array (
  'id' => '',
  'var_session_id' => '',
  'prefix' => 'think',
  'type' => '',
  'auto_start' => true,
)
[ info ] [ LOG ] INIT File

---------------------------------------------------------------
[ 2016-12-16T05:15:25+08:00 ] 127.0.0.1 127.0.0.1 GET /index.php/index/index/index.html
[ log ] www.myweb.com/index.php/index/index/index.html [运行时间：14.280693s][吞吐率：0.07req/s] [内存消耗：470.17kb] [文件加载：50]
[ info ] [ LANG ] /mnt/www/html/myphpweb/thinkphp/lang/zh-cn.php
[ info ] [ ROUTE ] array (
  'type' => 'module',
  'module' => 
  array (
    0 => 'index',
    1 => 'index',
    2 => 'index',
  ),
)
[ info ] [ HEADER ] array (
  'host' => 'www.myweb.com',
  'connection' => 'keep-alive',
  'cache-control' => 'max-age=0',
  'upgrade-insecure-requests' => '1',
  'user-agent' => 'Mozilla/5.0 (X11; Linux x86_64) AppleWebKit/537.36 (KHTML, like Gecko) Chrome/54.0.2840.90 Safari/537.36',
  'accept' => 'text/html,application/xhtml+xml,application/xml;q=0.9,image/webp,*/*;q=0.8',
  'accept-encoding' => 'gzip, deflate, sdch',
  'accept-language' => 'zh-CN,zh;q=0.8',
  'cookie' => 'PHPSESSID=6r52lmv2di8hcopsjohuue2vj5',
)
[ info ] [ PARAM ] array (
)
[ info ] [ RUN ] app\index\controller\Index->index[ /mnt/www/html/myphpweb/apps/index/controller/Index.php ]
[ info ] [ DB ] INIT mysql
[ info ] [ DB ] INIT mysql
[ info ] [ VIEW ] /mnt/www/html/myphpweb/apps/index/view/index/index.html [ array (
  0 => 'common_nf',
  1 => 'academyinfo',
  2 => 'dormitoryinfo',
) ]
[ info ] [ LOG ] INIT File
[ sql ] [ DB ] CONNECT:[ UseTime:3.673921s ] mysql:dbname=student_apartment_info;host=127.0.0.1;port=3306;charset=utf8
[ sql ] [ SQL ] select * from academyinfo order by AcademyId desc [ RunTime:7.549932s ]
[ sql ] [ DB ] CONNECT:[ UseTime:0.985283s ] mysql:dbname=student_apartment_info;host=127.0.0.1;port=3306;charset=utf8
[ sql ] [ SQL ] select DormitoryId,Building,Unit,DormitoryNo from dormitoryinfo order by Building,Unit,DormitoryNo ASC [ RunTime:1.470011s ]

---------------------------------------------------------------
[ 2016-12-16T05:15:47+08:00 ] 127.0.0.1 127.0.0.1 GET /index.php/index/index/favicon.ico
[ log ] www.myweb.com/index.php/index/index/favicon.ico [运行时间：0.932065s][吞吐率：1.07req/s] [内存消耗：293.93kb] [文件加载：45]
[ info ] [ LANG ] /mnt/www/html/myphpweb/thinkphp/lang/zh-cn.php
[ info ] [ ROUTE ] array (
  'type' => 'module',
  'module' => 
  array (
    0 => 'index',
    1 => 'index',
    2 => 'favicon.ico',
  ),
)
[ info ] [ HEADER ] array (
  'host' => 'www.myweb.com',
  'connection' => 'keep-alive',
  'user-agent' => 'Mozilla/5.0 (X11; Linux x86_64) AppleWebKit/537.36 (KHTML, like Gecko) Chrome/54.0.2840.90 Safari/537.36',
  'accept' => '*/*',
  'referer' => 'http://www.myweb.com/index.php/index/index/index.html',
  'accept-encoding' => 'gzip, deflate, sdch',
  'accept-language' => 'zh-CN,zh;q=0.8',
  'cookie' => 'PHPSESSID=6r52lmv2di8hcopsjohuue2vj5',
)
[ info ] [ PARAM ] array (
)
[ info ] [ LOG ] INIT File

---------------------------------------------------------------
[ 2016-12-16T05:55:35+08:00 ] 127.0.0.1 127.0.0.1 POST /index.php/index/index/login.html
[ log ] www.myweb.com/index.php/index/index/login.html [运行时间：2.740380s][吞吐率：0.36req/s] [内存消耗：460.82kb] [文件加载：53]
[ info ] [ LANG ] /mnt/www/html/myphpweb/thinkphp/lang/zh-cn.php
[ info ] [ ROUTE ] array (
  'type' => 'module',
  'module' => 
  array (
    0 => 'index',
    1 => 'index',
    2 => 'login',
  ),
)
[ info ] [ HEADER ] array (
  'host' => 'www.myweb.com',
  'connection' => 'keep-alive',
  'content-length' => '40',
  'cache-control' => 'max-age=0',
  'origin' => 'http://www.myweb.com',
  'upgrade-insecure-requests' => '1',
  'user-agent' => 'Mozilla/5.0 (X11; Linux x86_64) AppleWebKit/537.36 (KHTML, like Gecko) Chrome/54.0.2840.90 Safari/537.36',
  'content-type' => 'application/x-www-form-urlencoded',
  'accept' => 'text/html,application/xhtml+xml,application/xml;q=0.9,image/webp,*/*;q=0.8',
  'referer' => 'http://www.myweb.com/index.php/index/index/index.html',
  'accept-encoding' => 'gzip, deflate',
  'accept-language' => 'zh-CN,zh;q=0.8',
  'cookie' => 'PHPSESSID=6r52lmv2di8hcopsjohuue2vj5',
)
[ info ] [ PARAM ] array (
  'username' => 'admin',
  'password' => 'admin',
  'remember' => '1',
)
[ info ] [ RUN ] app\index\controller\Index->login[ /mnt/www/html/myphpweb/apps/index/controller/Index.php ]
[ info ] [ DB ] INIT mysql
[ info ] [ SESSION ] INIT array (
  'id' => '',
  'var_session_id' => '',
  'prefix' => 'think',
  'type' => '',
  'auto_start' => true,
)
[ info ] [ LOG ] INIT File
[ sql ] [ DB ] CONNECT:[ UseTime:0.672057s ] mysql:dbname=student_apartment_info;host=127.0.0.1;port=3306;charset=utf8
[ sql ] [ SQL ] SHOW COLUMNS FROM `admininfo` [ RunTime:0.958561s ]
[ sql ] [ SQL ] SELECT * FROM `admininfo` WHERE  `AdminName` = 'admin'  AND `AdminPassword` = 'admin' LIMIT 1     [ RunTime:0.157830s ]

---------------------------------------------------------------
[ 2016-12-16T05:55:36+08:00 ] 127.0.0.1 127.0.0.1 GET /index.php/Admin/index/index.html
[ log ] www.myweb.com/index.php/Admin/index/index.html [运行时间：0.139323s][吞吐率：7.18req/s] [内存消耗：328.64kb] [文件加载：47]
[ info ] [ LANG ] /mnt/www/html/myphpweb/thinkphp/lang/zh-cn.php
[ info ] [ ROUTE ] array (
  'type' => 'module',
  'module' => 
  array (
    0 => 'Admin',
    1 => 'index',
    2 => 'index',
  ),
)
[ info ] [ HEADER ] array (
  'host' => 'www.myweb.com',
  'connection' => 'keep-alive',
  'cache-control' => 'max-age=0',
  'upgrade-insecure-requests' => '1',
  'user-agent' => 'Mozilla/5.0 (X11; Linux x86_64) AppleWebKit/537.36 (KHTML, like Gecko) Chrome/54.0.2840.90 Safari/537.36',
  'accept' => 'text/html,application/xhtml+xml,application/xml;q=0.9,image/webp,*/*;q=0.8',
  'referer' => 'http://www.myweb.com/index.php/index/index/index.html',
  'accept-encoding' => 'gzip, deflate, sdch',
  'accept-language' => 'zh-CN,zh;q=0.8',
  'cookie' => 'PHPSESSID=6r52lmv2di8hcopsjohuue2vj5',
)
[ info ] [ PARAM ] array (
)
[ info ] [ RUN ] app\admin\controller\Index->index[ /mnt/www/html/myphpweb/apps/admin/controller/Index.php ]
[ info ] [ SESSION ] INIT array (
  'id' => '',
  'var_session_id' => '',
  'prefix' => 'think',
  'type' => '',
  'auto_start' => true,
)
[ info ] [ VIEW ] /mnt/www/html/myphpweb/apps/admin/view/index/index.html [ array (
) ]
[ info ] [ LOG ] INIT File

---------------------------------------------------------------
[ 2016-12-16T05:55:47+08:00 ] 127.0.0.1 127.0.0.1 GET /index.php/admin/valuablesinfo/index.html
[ log ] www.myweb.com/index.php/admin/valuablesinfo/index.html [运行时间：0.157298s][吞吐率：6.36req/s] [内存消耗：392.97kb] [文件加载：48]
[ info ] [ LANG ] /mnt/www/html/myphpweb/thinkphp/lang/zh-cn.php
[ info ] [ ROUTE ] array (
  'type' => 'module',
  'module' => 
  array (
    0 => 'admin',
    1 => 'valuablesinfo',
    2 => 'index',
  ),
)
[ info ] [ HEADER ] array (
  'host' => 'www.myweb.com',
  'connection' => 'keep-alive',
  'upgrade-insecure-requests' => '1',
  'user-agent' => 'Mozilla/5.0 (X11; Linux x86_64) AppleWebKit/537.36 (KHTML, like Gecko) Chrome/54.0.2840.90 Safari/537.36',
  'accept' => 'text/html,application/xhtml+xml,application/xml;q=0.9,image/webp,*/*;q=0.8',
  'referer' => 'http://www.myweb.com/index.php/Admin/index/index.html',
  'accept-encoding' => 'gzip, deflate, sdch',
  'accept-language' => 'zh-CN,zh;q=0.8',
  'cookie' => 'PHPSESSID=6r52lmv2di8hcopsjohuue2vj5',
)
[ info ] [ PARAM ] array (
)
[ info ] [ RUN ] app\admin\controller\Valuablesinfo->index[ /mnt/www/html/myphpweb/apps/admin/controller/Valuablesinfo.php ]
[ info ] [ SESSION ] INIT array (
  'id' => '',
  'var_session_id' => '',
  'prefix' => 'think',
  'type' => '',
  'auto_start' => true,
)
[ info ] [ VIEW ] /mnt/www/html/myphpweb/apps/admin/view/valuablesinfo/index.html [ array (
) ]
[ info ] [ LOG ] INIT File

---------------------------------------------------------------
[ 2016-12-16T05:55:48+08:00 ] 127.0.0.1 127.0.0.1 GET /index.php/admin/valuablesinfo/qrcode.html
[ log ] www.myweb.com/index.php/admin/valuablesinfo/qrcode.html [运行时间：0.295179s][吞吐率：3.39req/s] [内存消耗：419.12kb] [文件加载：43]
[ info ] [ LANG ] /mnt/www/html/myphpweb/thinkphp/lang/zh-cn.php
[ info ] [ ROUTE ] array (
  'type' => 'module',
  'module' => 
  array (
    0 => 'admin',
    1 => 'valuablesinfo',
    2 => 'qrcode',
  ),
)
[ info ] [ HEADER ] array (
  'host' => 'www.myweb.com',
  'connection' => 'keep-alive',
  'user-agent' => 'Mozilla/5.0 (X11; Linux x86_64) AppleWebKit/537.36 (KHTML, like Gecko) Chrome/54.0.2840.90 Safari/537.36',
  'accept' => 'image/webp,image/*,*/*;q=0.8',
  'referer' => 'http://www.myweb.com/index.php/admin/valuablesinfo/index.html',
  'accept-encoding' => 'gzip, deflate, sdch',
  'accept-language' => 'zh-CN,zh;q=0.8',
  'cookie' => 'PHPSESSID=6r52lmv2di8hcopsjohuue2vj5',
)
[ info ] [ PARAM ] array (
)
[ info ] [ RUN ] app\admin\controller\Valuablesinfo->qrcode[ /mnt/www/html/myphpweb/apps/admin/controller/Valuablesinfo.php ]
[ info ] [ LOG ] INIT File

---------------------------------------------------------------
[ 2016-12-16T05:56:24+08:00 ] 127.0.0.1 127.0.0.1 GET /index.php/admin/valuablesinfo/index.html
[ log ] www.myweb.com/index.php/admin/valuablesinfo/index.html [运行时间：0.052355s][吞吐率：19.10req/s] [内存消耗：391.89kb] [文件加载：48]
[ info ] [ LANG ] /mnt/www/html/myphpweb/thinkphp/lang/zh-cn.php
[ info ] [ ROUTE ] array (
  'type' => 'module',
  'module' => 
  array (
    0 => 'admin',
    1 => 'valuablesinfo',
    2 => 'index',
  ),
)
[ info ] [ HEADER ] array (
  'host' => 'www.myweb.com',
  'connection' => 'keep-alive',
  'upgrade-insecure-requests' => '1',
  'user-agent' => 'Mozilla/5.0 (X11; Linux x86_64) AppleWebKit/537.36 (KHTML, like Gecko) Chrome/54.0.2840.90 Safari/537.36',
  'accept' => 'text/html,application/xhtml+xml,application/xml;q=0.9,image/webp,*/*;q=0.8',
  'referer' => 'http://www.myweb.com/index.php/admin/valuablesinfo/index.html',
  'accept-encoding' => 'gzip, deflate, sdch',
  'accept-language' => 'zh-CN,zh;q=0.8',
  'cookie' => 'PHPSESSID=6r52lmv2di8hcopsjohuue2vj5',
)
[ info ] [ PARAM ] array (
)
[ info ] [ RUN ] app\admin\controller\Valuablesinfo->index[ /mnt/www/html/myphpweb/apps/admin/controller/Valuablesinfo.php ]
[ info ] [ SESSION ] INIT array (
  'id' => '',
  'var_session_id' => '',
  'prefix' => 'think',
  'type' => '',
  'auto_start' => true,
)
[ info ] [ VIEW ] /mnt/www/html/myphpweb/apps/admin/view/valuablesinfo/index.html [ array (
) ]
[ info ] [ LOG ] INIT File

---------------------------------------------------------------
[ 2016-12-16T05:56:24+08:00 ] 127.0.0.1 127.0.0.1 GET /index.php/admin/valuablesinfo/qrcode.html
[ log ] www.myweb.com/index.php/admin/valuablesinfo/qrcode.html [运行时间：0.059506s][吞吐率：16.80req/s] [内存消耗：419.12kb] [文件加载：43]
[ info ] [ LANG ] /mnt/www/html/myphpweb/thinkphp/lang/zh-cn.php
[ info ] [ ROUTE ] array (
  'type' => 'module',
  'module' => 
  array (
    0 => 'admin',
    1 => 'valuablesinfo',
    2 => 'qrcode',
  ),
)
[ info ] [ HEADER ] array (
  'host' => 'www.myweb.com',
  'connection' => 'keep-alive',
  'user-agent' => 'Mozilla/5.0 (X11; Linux x86_64) AppleWebKit/537.36 (KHTML, like Gecko) Chrome/54.0.2840.90 Safari/537.36',
  'accept' => 'image/webp,image/*,*/*;q=0.8',
  'referer' => 'http://www.myweb.com/index.php/admin/valuablesinfo/index.html',
  'accept-encoding' => 'gzip, deflate, sdch',
  'accept-language' => 'zh-CN,zh;q=0.8',
  'cookie' => 'PHPSESSID=6r52lmv2di8hcopsjohuue2vj5',
)
[ info ] [ PARAM ] array (
)
[ info ] [ RUN ] app\admin\controller\Valuablesinfo->qrcode[ /mnt/www/html/myphpweb/apps/admin/controller/Valuablesinfo.php ]
[ info ] [ LOG ] INIT File

---------------------------------------------------------------
[ 2016-12-16T06:13:15+08:00 ] 127.0.0.1 127.0.0.1 GET /index.php/index/index/logout.html
[ log ] www.myweb.com/index.php/index/index/logout.html [运行时间：0.207175s][吞吐率：4.83req/s] [内存消耗：313.09kb] [文件加载：46]
[ info ] [ LANG ] /mnt/www/html/myphpweb/thinkphp/lang/zh-cn.php
[ info ] [ ROUTE ] array (
  'type' => 'module',
  'module' => 
  array (
    0 => 'index',
    1 => 'index',
    2 => 'logout',
  ),
)
[ info ] [ HEADER ] array (
  'host' => 'www.myweb.com',
  'connection' => 'keep-alive',
  'upgrade-insecure-requests' => '1',
  'user-agent' => 'Mozilla/5.0 (X11; Linux x86_64) AppleWebKit/537.36 (KHTML, like Gecko) Chrome/54.0.2840.90 Safari/537.36',
  'accept' => 'text/html,application/xhtml+xml,application/xml;q=0.9,image/webp,*/*;q=0.8',
  'referer' => 'http://www.myweb.com/index.php/admin/valuablesinfo/index.html',
  'accept-encoding' => 'gzip, deflate, sdch',
  'accept-language' => 'zh-CN,zh;q=0.8',
  'cookie' => 'PHPSESSID=6r52lmv2di8hcopsjohuue2vj5',
)
[ info ] [ PARAM ] array (
)
[ info ] [ RUN ] app\index\controller\Index->logout[ /mnt/www/html/myphpweb/apps/index/controller/Index.php ]
[ info ] [ SESSION ] INIT array (
  'id' => '',
  'var_session_id' => '',
  'prefix' => 'think',
  'type' => '',
  'auto_start' => true,
)
[ info ] [ LOG ] INIT File

---------------------------------------------------------------
[ 2016-12-16T06:13:16+08:00 ] 127.0.0.1 127.0.0.1 GET /index.php/index/index/index.html
[ log ] www.myweb.com/index.php/index/index/index.html [运行时间：0.391664s][吞吐率：2.55req/s] [内存消耗：470.22kb] [文件加载：50]
[ info ] [ LANG ] /mnt/www/html/myphpweb/thinkphp/lang/zh-cn.php
[ info ] [ ROUTE ] array (
  'type' => 'module',
  'module' => 
  array (
    0 => 'index',
    1 => 'index',
    2 => 'index',
  ),
)
[ info ] [ HEADER ] array (
  'host' => 'www.myweb.com',
  'connection' => 'keep-alive',
  'upgrade-insecure-requests' => '1',
  'user-agent' => 'Mozilla/5.0 (X11; Linux x86_64) AppleWebKit/537.36 (KHTML, like Gecko) Chrome/54.0.2840.90 Safari/537.36',
  'accept' => 'text/html,application/xhtml+xml,application/xml;q=0.9,image/webp,*/*;q=0.8',
  'referer' => 'http://www.myweb.com/index.php/admin/valuablesinfo/index.html',
  'accept-encoding' => 'gzip, deflate, sdch',
  'accept-language' => 'zh-CN,zh;q=0.8',
  'cookie' => 'PHPSESSID=6r52lmv2di8hcopsjohuue2vj5',
)
[ info ] [ PARAM ] array (
)
[ info ] [ RUN ] app\index\controller\Index->index[ /mnt/www/html/myphpweb/apps/index/controller/Index.php ]
[ info ] [ DB ] INIT mysql
[ info ] [ DB ] INIT mysql
[ info ] [ VIEW ] /mnt/www/html/myphpweb/apps/index/view/index/index.html [ array (
  0 => 'common_nf',
  1 => 'academyinfo',
  2 => 'dormitoryinfo',
) ]
[ info ] [ LOG ] INIT File
[ sql ] [ DB ] CONNECT:[ UseTime:0.062629s ] mysql:dbname=student_apartment_info;host=127.0.0.1;port=3306;charset=utf8
[ sql ] [ SQL ] select * from academyinfo order by AcademyId desc [ RunTime:0.146848s ]
[ sql ] [ DB ] CONNECT:[ UseTime:0.009657s ] mysql:dbname=student_apartment_info;host=127.0.0.1;port=3306;charset=utf8
[ sql ] [ SQL ] select DormitoryId,Building,Unit,DormitoryNo from dormitoryinfo order by Building,Unit,DormitoryNo ASC [ RunTime:0.088574s ]

---------------------------------------------------------------
[ 2016-12-16T06:13:43+08:00 ] 127.0.0.1 127.0.0.1 POST /index.php/index/index/index.html
[ log ] www.myweb.com/index.php/index/index/index.html [运行时间：0.338553s][吞吐率：2.95req/s] [内存消耗：470.41kb] [文件加载：50]
[ info ] [ LANG ] /mnt/www/html/myphpweb/thinkphp/lang/zh-cn.php
[ info ] [ ROUTE ] array (
  'type' => 'module',
  'module' => 
  array (
    0 => 'index',
    1 => 'index',
    2 => 'index',
  ),
)
[ info ] [ HEADER ] array (
  'host' => 'www.myweb.com',
  'connection' => 'keep-alive',
  'content-length' => '21',
  'cache-control' => 'max-age=0',
  'origin' => 'http://www.myweb.com',
  'upgrade-insecure-requests' => '1',
  'user-agent' => 'Mozilla/5.0 (X11; Linux x86_64) AppleWebKit/537.36 (KHTML, like Gecko) Chrome/54.0.2840.90 Safari/537.36',
  'content-type' => 'application/x-www-form-urlencoded',
  'accept' => 'text/html,application/xhtml+xml,application/xml;q=0.9,image/webp,*/*;q=0.8',
  'referer' => 'http://www.myweb.com/index.php/index/index/index.html',
  'accept-encoding' => 'gzip, deflate',
  'accept-language' => 'zh-CN,zh;q=0.8',
  'cookie' => 'PHPSESSID=6r52lmv2di8hcopsjohuue2vj5',
)
[ info ] [ PARAM ] array (
  'email' => '234122@qq.com',
)
[ info ] [ RUN ] app\index\controller\Index->index[ /mnt/www/html/myphpweb/apps/index/controller/Index.php ]
[ info ] [ DB ] INIT mysql
[ info ] [ DB ] INIT mysql
[ info ] [ VIEW ] /mnt/www/html/myphpweb/apps/index/view/index/index.html [ array (
  0 => 'common_nf',
  1 => 'academyinfo',
  2 => 'dormitoryinfo',
) ]
[ info ] [ LOG ] INIT File
[ sql ] [ DB ] CONNECT:[ UseTime:0.032929s ] mysql:dbname=student_apartment_info;host=127.0.0.1;port=3306;charset=utf8
[ sql ] [ SQL ] select * from academyinfo order by AcademyId desc [ RunTime:0.067959s ]
[ sql ] [ DB ] CONNECT:[ UseTime:0.025100s ] mysql:dbname=student_apartment_info;host=127.0.0.1;port=3306;charset=utf8
[ sql ] [ SQL ] select DormitoryId,Building,Unit,DormitoryNo from dormitoryinfo order by Building,Unit,DormitoryNo ASC [ RunTime:0.141196s ]

---------------------------------------------------------------
[ 2016-12-16T06:15:25+08:00 ] 127.0.0.1 127.0.0.1 GET /index.php/index/index/index.html
[ log ] www.myweb.com/index.php/index/index/index.html [运行时间：0.574174s][吞吐率：1.74req/s] [内存消耗：513.32kb] [文件加载：52]
[ info ] [ LANG ] /mnt/www/html/myphpweb/thinkphp/lang/zh-cn.php
[ info ] [ ROUTE ] array (
  'type' => 'module',
  'module' => 
  array (
    0 => 'index',
    1 => 'index',
    2 => 'index',
  ),
)
[ info ] [ HEADER ] array (
  'host' => 'www.myweb.com',
  'connection' => 'keep-alive',
  'cache-control' => 'max-age=0',
  'upgrade-insecure-requests' => '1',
  'user-agent' => 'Mozilla/5.0 (X11; Linux x86_64) AppleWebKit/537.36 (KHTML, like Gecko) Chrome/54.0.2840.90 Safari/537.36',
  'accept' => 'text/html,application/xhtml+xml,application/xml;q=0.9,image/webp,*/*;q=0.8',
  'accept-encoding' => 'gzip, deflate, sdch',
  'accept-language' => 'zh-CN,zh;q=0.8',
  'cookie' => 'PHPSESSID=6r52lmv2di8hcopsjohuue2vj5',
)
[ info ] [ PARAM ] array (
)
[ info ] [ RUN ] app\index\controller\Index->index[ /mnt/www/html/myphpweb/apps/index/controller/Index.php ]
[ info ] [ DB ] INIT mysql
[ info ] [ DB ] INIT mysql
[ info ] [ VIEW ] /mnt/www/html/myphpweb/apps/index/view/index/index.html [ array (
  0 => 'common_nf',
  1 => 'academyinfo',
  2 => 'dormitoryinfo',
) ]
[ info ] [ LOG ] INIT File
[ sql ] [ DB ] CONNECT:[ UseTime:0.035674s ] mysql:dbname=student_apartment_info;host=127.0.0.1;port=3306;charset=utf8
[ sql ] [ SQL ] select * from academyinfo order by AcademyId desc [ RunTime:0.088542s ]
[ sql ] [ DB ] CONNECT:[ UseTime:0.025858s ] mysql:dbname=student_apartment_info;host=127.0.0.1;port=3306;charset=utf8
[ sql ] [ SQL ] select DormitoryId,Building,Unit,DormitoryNo from dormitoryinfo order by Building,Unit,DormitoryNo ASC [ RunTime:0.126247s ]

---------------------------------------------------------------
[ 2016-12-16T06:16:13+08:00 ] 127.0.0.1 127.0.0.1 GET /index.php/index/index/index.html
[ log ] www.myweb.com/index.php/index/index/index.html [运行时间：0.630074s][吞吐率：1.59req/s] [内存消耗：471.28kb] [文件加载：50]
[ info ] [ LANG ] /mnt/www/html/myphpweb/thinkphp/lang/zh-cn.php
[ info ] [ ROUTE ] array (
  'type' => 'module',
  'module' => 
  array (
    0 => 'index',
    1 => 'index',
    2 => 'index',
  ),
)
[ info ] [ HEADER ] array (
  'host' => 'www.myweb.com',
  'connection' => 'keep-alive',
  'cache-control' => 'max-age=0',
  'upgrade-insecure-requests' => '1',
  'user-agent' => 'Mozilla/5.0 (X11; Linux x86_64) AppleWebKit/537.36 (KHTML, like Gecko) Chrome/54.0.2840.90 Safari/537.36',
  'accept' => 'text/html,application/xhtml+xml,application/xml;q=0.9,image/webp,*/*;q=0.8',
  'accept-encoding' => 'gzip, deflate, sdch',
  'accept-language' => 'zh-CN,zh;q=0.8',
  'cookie' => 'PHPSESSID=6r52lmv2di8hcopsjohuue2vj5',
)
[ info ] [ PARAM ] array (
)
[ info ] [ RUN ] app\index\controller\Index->index[ /mnt/www/html/myphpweb/apps/index/controller/Index.php ]
[ info ] [ DB ] INIT mysql
[ info ] [ DB ] INIT mysql
[ info ] [ VIEW ] /mnt/www/html/myphpweb/apps/index/view/index/index.html [ array (
  0 => 'common_nf',
  1 => 'academyinfo',
  2 => 'dormitoryinfo',
) ]
[ info ] [ LOG ] INIT File
[ sql ] [ DB ] CONNECT:[ UseTime:0.043321s ] mysql:dbname=student_apartment_info;host=127.0.0.1;port=3306;charset=utf8
[ sql ] [ SQL ] select * from academyinfo order by AcademyId desc [ RunTime:0.109370s ]
[ sql ] [ DB ] CONNECT:[ UseTime:0.022028s ] mysql:dbname=student_apartment_info;host=127.0.0.1;port=3306;charset=utf8
[ sql ] [ SQL ] select DormitoryId,Building,Unit,DormitoryNo from dormitoryinfo order by Building,Unit,DormitoryNo ASC [ RunTime:0.054221s ]

---------------------------------------------------------------
[ 2016-12-16T06:16:47+08:00 ] 127.0.0.1 127.0.0.1 GET /index.php/index/index/index.html
[ log ] www.myweb.com/index.php/index/index/index.html [运行时间：0.284653s][吞吐率：3.51req/s] [内存消耗：470.17kb] [文件加载：50]
[ info ] [ LANG ] /mnt/www/html/myphpweb/thinkphp/lang/zh-cn.php
[ info ] [ ROUTE ] array (
  'type' => 'module',
  'module' => 
  array (
    0 => 'index',
    1 => 'index',
    2 => 'index',
  ),
)
[ info ] [ HEADER ] array (
  'host' => 'www.myweb.com',
  'connection' => 'keep-alive',
  'cache-control' => 'max-age=0',
  'upgrade-insecure-requests' => '1',
  'user-agent' => 'Mozilla/5.0 (X11; Linux x86_64) AppleWebKit/537.36 (KHTML, like Gecko) Chrome/54.0.2840.90 Safari/537.36',
  'accept' => 'text/html,application/xhtml+xml,application/xml;q=0.9,image/webp,*/*;q=0.8',
  'accept-encoding' => 'gzip, deflate, sdch',
  'accept-language' => 'zh-CN,zh;q=0.8',
  'cookie' => 'PHPSESSID=6r52lmv2di8hcopsjohuue2vj5',
)
[ info ] [ PARAM ] array (
)
[ info ] [ RUN ] app\index\controller\Index->index[ /mnt/www/html/myphpweb/apps/index/controller/Index.php ]
[ info ] [ DB ] INIT mysql
[ info ] [ DB ] INIT mysql
[ info ] [ VIEW ] /mnt/www/html/myphpweb/apps/index/view/index/index.html [ array (
  0 => 'common_nf',
  1 => 'academyinfo',
  2 => 'dormitoryinfo',
) ]
[ info ] [ LOG ] INIT File
[ sql ] [ DB ] CONNECT:[ UseTime:0.044406s ] mysql:dbname=student_apartment_info;host=127.0.0.1;port=3306;charset=utf8
[ sql ] [ SQL ] select * from academyinfo order by AcademyId desc [ RunTime:0.060204s ]
[ sql ] [ DB ] CONNECT:[ UseTime:0.023790s ] mysql:dbname=student_apartment_info;host=127.0.0.1;port=3306;charset=utf8
[ sql ] [ SQL ] select DormitoryId,Building,Unit,DormitoryNo from dormitoryinfo order by Building,Unit,DormitoryNo ASC [ RunTime:0.032623s ]

---------------------------------------------------------------
[ 2016-12-16T06:17:08+08:00 ] 127.0.0.1 127.0.0.1 GET /index.php/index/index/index.html
[ log ] www.myweb.com/index.php/index/index/index.html [运行时间：0.288841s][吞吐率：3.46req/s] [内存消耗：469.66kb] [文件加载：50]
[ info ] [ LANG ] /mnt/www/html/myphpweb/thinkphp/lang/zh-cn.php
[ info ] [ ROUTE ] array (
  'type' => 'module',
  'module' => 
  array (
    0 => 'index',
    1 => 'index',
    2 => 'index',
  ),
)
[ info ] [ HEADER ] array (
  'host' => 'www.myweb.com',
  'connection' => 'keep-alive',
  'upgrade-insecure-requests' => '1',
  'user-agent' => 'Mozilla/5.0 (X11; Linux x86_64) AppleWebKit/537.36 (KHTML, like Gecko) Chrome/54.0.2840.90 Safari/537.36',
  'accept' => 'text/html,application/xhtml+xml,application/xml;q=0.9,image/webp,*/*;q=0.8',
  'accept-encoding' => 'gzip, deflate, sdch',
  'accept-language' => 'zh-CN,zh;q=0.8',
  'cookie' => 'PHPSESSID=6r52lmv2di8hcopsjohuue2vj5',
)
[ info ] [ PARAM ] array (
)
[ info ] [ RUN ] app\index\controller\Index->index[ /mnt/www/html/myphpweb/apps/index/controller/Index.php ]
[ info ] [ DB ] INIT mysql
[ info ] [ DB ] INIT mysql
[ info ] [ VIEW ] /mnt/www/html/myphpweb/apps/index/view/index/index.html [ array (
  0 => 'common_nf',
  1 => 'academyinfo',
  2 => 'dormitoryinfo',
) ]
[ info ] [ LOG ] INIT File
[ sql ] [ DB ] CONNECT:[ UseTime:0.024336s ] mysql:dbname=student_apartment_info;host=127.0.0.1;port=3306;charset=utf8
[ sql ] [ SQL ] select * from academyinfo order by AcademyId desc [ RunTime:0.114128s ]
[ sql ] [ DB ] CONNECT:[ UseTime:0.022851s ] mysql:dbname=student_apartment_info;host=127.0.0.1;port=3306;charset=utf8
[ sql ] [ SQL ] select DormitoryId,Building,Unit,DormitoryNo from dormitoryinfo order by Building,Unit,DormitoryNo ASC [ RunTime:0.070690s ]

---------------------------------------------------------------
[ 2016-12-16T06:18:51+08:00 ] 127.0.0.1 127.0.0.1 GET /index.php/index/index/index.html
[ log ] www.myweb.com/index.php/index/index/index.html [运行时间：0.286137s][吞吐率：3.49req/s] [内存消耗：470.17kb] [文件加载：50]
[ info ] [ LANG ] /mnt/www/html/myphpweb/thinkphp/lang/zh-cn.php
[ info ] [ ROUTE ] array (
  'type' => 'module',
  'module' => 
  array (
    0 => 'index',
    1 => 'index',
    2 => 'index',
  ),
)
[ info ] [ HEADER ] array (
  'host' => 'www.myweb.com',
  'connection' => 'keep-alive',
  'cache-control' => 'max-age=0',
  'upgrade-insecure-requests' => '1',
  'user-agent' => 'Mozilla/5.0 (X11; Linux x86_64) AppleWebKit/537.36 (KHTML, like Gecko) Chrome/54.0.2840.90 Safari/537.36',
  'accept' => 'text/html,application/xhtml+xml,application/xml;q=0.9,image/webp,*/*;q=0.8',
  'accept-encoding' => 'gzip, deflate, sdch',
  'accept-language' => 'zh-CN,zh;q=0.8',
  'cookie' => 'PHPSESSID=6r52lmv2di8hcopsjohuue2vj5',
)
[ info ] [ PARAM ] array (
)
[ info ] [ RUN ] app\index\controller\Index->index[ /mnt/www/html/myphpweb/apps/index/controller/Index.php ]
[ info ] [ DB ] INIT mysql
[ info ] [ DB ] INIT mysql
[ info ] [ VIEW ] /mnt/www/html/myphpweb/apps/index/view/index/index.html [ array (
  0 => 'common_nf',
  1 => 'academyinfo',
  2 => 'dormitoryinfo',
) ]
[ info ] [ LOG ] INIT File
[ sql ] [ DB ] CONNECT:[ UseTime:0.023672s ] mysql:dbname=student_apartment_info;host=127.0.0.1;port=3306;charset=utf8
[ sql ] [ SQL ] select * from academyinfo order by AcademyId desc [ RunTime:0.036766s ]
[ sql ] [ DB ] CONNECT:[ UseTime:0.012972s ] mysql:dbname=student_apartment_info;host=127.0.0.1;port=3306;charset=utf8
[ sql ] [ SQL ] select DormitoryId,Building,Unit,DormitoryNo from dormitoryinfo order by Building,Unit,DormitoryNo ASC [ RunTime:0.090660s ]

---------------------------------------------------------------
[ 2016-12-16T06:20:09+08:00 ] 127.0.0.1 127.0.0.1 GET /index.php/index/index/index.html
[ log ] www.myweb.com/index.php/index/index/index.html [运行时间：0.120448s][吞吐率：8.30req/s] [内存消耗：470.17kb] [文件加载：50]
[ info ] [ LANG ] /mnt/www/html/myphpweb/thinkphp/lang/zh-cn.php
[ info ] [ ROUTE ] array (
  'type' => 'module',
  'module' => 
  array (
    0 => 'index',
    1 => 'index',
    2 => 'index',
  ),
)
[ info ] [ HEADER ] array (
  'host' => 'www.myweb.com',
  'connection' => 'keep-alive',
  'cache-control' => 'max-age=0',
  'upgrade-insecure-requests' => '1',
  'user-agent' => 'Mozilla/5.0 (X11; Linux x86_64) AppleWebKit/537.36 (KHTML, like Gecko) Chrome/54.0.2840.90 Safari/537.36',
  'accept' => 'text/html,application/xhtml+xml,application/xml;q=0.9,image/webp,*/*;q=0.8',
  'accept-encoding' => 'gzip, deflate, sdch',
  'accept-language' => 'zh-CN,zh;q=0.8',
  'cookie' => 'PHPSESSID=6r52lmv2di8hcopsjohuue2vj5',
)
[ info ] [ PARAM ] array (
)
[ info ] [ RUN ] app\index\controller\Index->index[ /mnt/www/html/myphpweb/apps/index/controller/Index.php ]
[ info ] [ DB ] INIT mysql
[ info ] [ DB ] INIT mysql
[ info ] [ VIEW ] /mnt/www/html/myphpweb/apps/index/view/index/index.html [ array (
  0 => 'common_nf',
  1 => 'academyinfo',
  2 => 'dormitoryinfo',
) ]
[ info ] [ LOG ] INIT File
[ sql ] [ DB ] CONNECT:[ UseTime:0.004738s ] mysql:dbname=student_apartment_info;host=127.0.0.1;port=3306;charset=utf8
[ sql ] [ SQL ] select * from academyinfo order by AcademyId desc [ RunTime:0.056500s ]
[ sql ] [ DB ] CONNECT:[ UseTime:0.000400s ] mysql:dbname=student_apartment_info;host=127.0.0.1;port=3306;charset=utf8
[ sql ] [ SQL ] select DormitoryId,Building,Unit,DormitoryNo from dormitoryinfo order by Building,Unit,DormitoryNo ASC [ RunTime:0.039351s ]

---------------------------------------------------------------
[ 2016-12-16T06:21:03+08:00 ] 127.0.0.1 127.0.0.1 GET /index.php/index/index/index.html
[ log ] www.myweb.com/index.php/index/index/index.html [运行时间：0.179537s][吞吐率：5.57req/s] [内存消耗：470.17kb] [文件加载：50]
[ info ] [ LANG ] /mnt/www/html/myphpweb/thinkphp/lang/zh-cn.php
[ info ] [ ROUTE ] array (
  'type' => 'module',
  'module' => 
  array (
    0 => 'index',
    1 => 'index',
    2 => 'index',
  ),
)
[ info ] [ HEADER ] array (
  'host' => 'www.myweb.com',
  'connection' => 'keep-alive',
  'cache-control' => 'max-age=0',
  'upgrade-insecure-requests' => '1',
  'user-agent' => 'Mozilla/5.0 (X11; Linux x86_64) AppleWebKit/537.36 (KHTML, like Gecko) Chrome/54.0.2840.90 Safari/537.36',
  'accept' => 'text/html,application/xhtml+xml,application/xml;q=0.9,image/webp,*/*;q=0.8',
  'accept-encoding' => 'gzip, deflate, sdch',
  'accept-language' => 'zh-CN,zh;q=0.8',
  'cookie' => 'PHPSESSID=6r52lmv2di8hcopsjohuue2vj5',
)
[ info ] [ PARAM ] array (
)
[ info ] [ RUN ] app\index\controller\Index->index[ /mnt/www/html/myphpweb/apps/index/controller/Index.php ]
[ info ] [ DB ] INIT mysql
[ info ] [ DB ] INIT mysql
[ info ] [ VIEW ] /mnt/www/html/myphpweb/apps/index/view/index/index.html [ array (
  0 => 'common_nf',
  1 => 'academyinfo',
  2 => 'dormitoryinfo',
) ]
[ info ] [ LOG ] INIT File
[ sql ] [ DB ] CONNECT:[ UseTime:0.035417s ] mysql:dbname=student_apartment_info;host=127.0.0.1;port=3306;charset=utf8
[ sql ] [ SQL ] select * from academyinfo order by AcademyId desc [ RunTime:0.029941s ]
[ sql ] [ DB ] CONNECT:[ UseTime:0.012863s ] mysql:dbname=student_apartment_info;host=127.0.0.1;port=3306;charset=utf8
[ sql ] [ SQL ] select DormitoryId,Building,Unit,DormitoryNo from dormitoryinfo order by Building,Unit,DormitoryNo ASC [ RunTime:0.011882s ]

---------------------------------------------------------------
[ 2016-12-16T06:21:26+08:00 ] 127.0.0.1 127.0.0.1 GET /index.php/index/index/index.html
[ log ] www.myweb.com/index.php/index/index/index.html [运行时间：0.554001s][吞吐率：1.81req/s] [内存消耗：469.66kb] [文件加载：50]
[ info ] [ LANG ] /mnt/www/html/myphpweb/thinkphp/lang/zh-cn.php
[ info ] [ ROUTE ] array (
  'type' => 'module',
  'module' => 
  array (
    0 => 'index',
    1 => 'index',
    2 => 'index',
  ),
)
[ info ] [ HEADER ] array (
  'host' => 'www.myweb.com',
  'connection' => 'keep-alive',
  'upgrade-insecure-requests' => '1',
  'user-agent' => 'Mozilla/5.0 (X11; Linux x86_64) AppleWebKit/537.36 (KHTML, like Gecko) Chrome/54.0.2840.90 Safari/537.36',
  'accept' => 'text/html,application/xhtml+xml,application/xml;q=0.9,image/webp,*/*;q=0.8',
  'accept-encoding' => 'gzip, deflate, sdch',
  'accept-language' => 'zh-CN,zh;q=0.8',
  'cookie' => 'PHPSESSID=6r52lmv2di8hcopsjohuue2vj5',
)
[ info ] [ PARAM ] array (
)
[ info ] [ RUN ] app\index\controller\Index->index[ /mnt/www/html/myphpweb/apps/index/controller/Index.php ]
[ info ] [ DB ] INIT mysql
[ info ] [ DB ] INIT mysql
[ info ] [ VIEW ] /mnt/www/html/myphpweb/apps/index/view/index/index.html [ array (
  0 => 'common_nf',
  1 => 'academyinfo',
  2 => 'dormitoryinfo',
) ]
[ info ] [ LOG ] INIT File
[ sql ] [ DB ] CONNECT:[ UseTime:0.054228s ] mysql:dbname=student_apartment_info;host=127.0.0.1;port=3306;charset=utf8
[ sql ] [ SQL ] select * from academyinfo order by AcademyId desc [ RunTime:0.068487s ]
[ sql ] [ DB ] CONNECT:[ UseTime:0.010463s ] mysql:dbname=student_apartment_info;host=127.0.0.1;port=3306;charset=utf8
[ sql ] [ SQL ] select DormitoryId,Building,Unit,DormitoryNo from dormitoryinfo order by Building,Unit,DormitoryNo ASC [ RunTime:0.061644s ]

---------------------------------------------------------------
[ 2016-12-16T06:24:52+08:00 ] 127.0.0.1 127.0.0.1 GET /index.php/index/index/index.html
[ log ] www.myweb.com/index.php/index/index/index.html [运行时间：0.084780s][吞吐率：11.80req/s] [内存消耗：470.17kb] [文件加载：50]
[ info ] [ LANG ] /mnt/www/html/myphpweb/thinkphp/lang/zh-cn.php
[ info ] [ ROUTE ] array (
  'type' => 'module',
  'module' => 
  array (
    0 => 'index',
    1 => 'index',
    2 => 'index',
  ),
)
[ info ] [ HEADER ] array (
  'host' => 'www.myweb.com',
  'connection' => 'keep-alive',
  'cache-control' => 'max-age=0',
  'upgrade-insecure-requests' => '1',
  'user-agent' => 'Mozilla/5.0 (X11; Linux x86_64) AppleWebKit/537.36 (KHTML, like Gecko) Chrome/54.0.2840.90 Safari/537.36',
  'accept' => 'text/html,application/xhtml+xml,application/xml;q=0.9,image/webp,*/*;q=0.8',
  'accept-encoding' => 'gzip, deflate, sdch',
  'accept-language' => 'zh-CN,zh;q=0.8',
  'cookie' => 'PHPSESSID=6r52lmv2di8hcopsjohuue2vj5',
)
[ info ] [ PARAM ] array (
)
[ info ] [ RUN ] app\index\controller\Index->index[ /mnt/www/html/myphpweb/apps/index/controller/Index.php ]
[ info ] [ DB ] INIT mysql
[ info ] [ DB ] INIT mysql
[ info ] [ VIEW ] /mnt/www/html/myphpweb/apps/index/view/index/index.html [ array (
  0 => 'common_nf',
  1 => 'academyinfo',
  2 => 'dormitoryinfo',
) ]
[ info ] [ LOG ] INIT File
[ sql ] [ DB ] CONNECT:[ UseTime:0.006117s ] mysql:dbname=student_apartment_info;host=127.0.0.1;port=3306;charset=utf8
[ sql ] [ SQL ] select * from academyinfo order by AcademyId desc [ RunTime:0.027468s ]
[ sql ] [ DB ] CONNECT:[ UseTime:0.000697s ] mysql:dbname=student_apartment_info;host=127.0.0.1;port=3306;charset=utf8
[ sql ] [ SQL ] select DormitoryId,Building,Unit,DormitoryNo from dormitoryinfo order by Building,Unit,DormitoryNo ASC [ RunTime:0.024067s ]

---------------------------------------------------------------
[ 2016-12-16T06:25:01+08:00 ] 127.0.0.1 127.0.0.1 GET /index.php/index/index/index.html
[ log ] www.myweb.com/index.php/index/index/index.html [运行时间：0.261362s][吞吐率：3.83req/s] [内存消耗：470.17kb] [文件加载：50]
[ info ] [ LANG ] /mnt/www/html/myphpweb/thinkphp/lang/zh-cn.php
[ info ] [ ROUTE ] array (
  'type' => 'module',
  'module' => 
  array (
    0 => 'index',
    1 => 'index',
    2 => 'index',
  ),
)
[ info ] [ HEADER ] array (
  'host' => 'www.myweb.com',
  'connection' => 'keep-alive',
  'cache-control' => 'max-age=0',
  'upgrade-insecure-requests' => '1',
  'user-agent' => 'Mozilla/5.0 (X11; Linux x86_64) AppleWebKit/537.36 (KHTML, like Gecko) Chrome/54.0.2840.90 Safari/537.36',
  'accept' => 'text/html,application/xhtml+xml,application/xml;q=0.9,image/webp,*/*;q=0.8',
  'accept-encoding' => 'gzip, deflate, sdch',
  'accept-language' => 'zh-CN,zh;q=0.8',
  'cookie' => 'PHPSESSID=6r52lmv2di8hcopsjohuue2vj5',
)
[ info ] [ PARAM ] array (
)
[ info ] [ RUN ] app\index\controller\Index->index[ /mnt/www/html/myphpweb/apps/index/controller/Index.php ]
[ info ] [ DB ] INIT mysql
[ info ] [ DB ] INIT mysql
[ info ] [ VIEW ] /mnt/www/html/myphpweb/apps/index/view/index/index.html [ array (
  0 => 'common_nf',
  1 => 'academyinfo',
  2 => 'dormitoryinfo',
) ]
[ info ] [ LOG ] INIT File
[ sql ] [ DB ] CONNECT:[ UseTime:0.029683s ] mysql:dbname=student_apartment_info;host=127.0.0.1;port=3306;charset=utf8
[ sql ] [ SQL ] select * from academyinfo order by AcademyId desc [ RunTime:0.034893s ]
[ sql ] [ DB ] CONNECT:[ UseTime:0.008555s ] mysql:dbname=student_apartment_info;host=127.0.0.1;port=3306;charset=utf8
[ sql ] [ SQL ] select DormitoryId,Building,Unit,DormitoryNo from dormitoryinfo order by Building,Unit,DormitoryNo ASC [ RunTime:0.019510s ]

---------------------------------------------------------------
[ 2016-12-16T06:25:02+08:00 ] 127.0.0.1 127.0.0.1 GET /index.php/index/index/index.html
[ log ] www.myweb.com/index.php/index/index/index.html [运行时间：0.253032s][吞吐率：3.95req/s] [内存消耗：470.17kb] [文件加载：50]
[ info ] [ LANG ] /mnt/www/html/myphpweb/thinkphp/lang/zh-cn.php
[ info ] [ ROUTE ] array (
  'type' => 'module',
  'module' => 
  array (
    0 => 'index',
    1 => 'index',
    2 => 'index',
  ),
)
[ info ] [ HEADER ] array (
  'host' => 'www.myweb.com',
  'connection' => 'keep-alive',
  'cache-control' => 'max-age=0',
  'upgrade-insecure-requests' => '1',
  'user-agent' => 'Mozilla/5.0 (X11; Linux x86_64) AppleWebKit/537.36 (KHTML, like Gecko) Chrome/54.0.2840.90 Safari/537.36',
  'accept' => 'text/html,application/xhtml+xml,application/xml;q=0.9,image/webp,*/*;q=0.8',
  'accept-encoding' => 'gzip, deflate, sdch',
  'accept-language' => 'zh-CN,zh;q=0.8',
  'cookie' => 'PHPSESSID=6r52lmv2di8hcopsjohuue2vj5',
)
[ info ] [ PARAM ] array (
)
[ info ] [ RUN ] app\index\controller\Index->index[ /mnt/www/html/myphpweb/apps/index/controller/Index.php ]
[ info ] [ DB ] INIT mysql
[ info ] [ DB ] INIT mysql
[ info ] [ VIEW ] /mnt/www/html/myphpweb/apps/index/view/index/index.html [ array (
  0 => 'common_nf',
  1 => 'academyinfo',
  2 => 'dormitoryinfo',
) ]
[ info ] [ LOG ] INIT File
[ sql ] [ DB ] CONNECT:[ UseTime:0.038887s ] mysql:dbname=student_apartment_info;host=127.0.0.1;port=3306;charset=utf8
[ sql ] [ SQL ] select * from academyinfo order by AcademyId desc [ RunTime:0.116150s ]
[ sql ] [ DB ] CONNECT:[ UseTime:0.000845s ] mysql:dbname=student_apartment_info;host=127.0.0.1;port=3306;charset=utf8
[ sql ] [ SQL ] select DormitoryId,Building,Unit,DormitoryNo from dormitoryinfo order by Building,Unit,DormitoryNo ASC [ RunTime:0.092735s ]

---------------------------------------------------------------
[ 2016-12-16T06:25:02+08:00 ] 127.0.0.1 127.0.0.1 GET /index.php/index/index/index.html
[ log ] www.myweb.com/index.php/index/index/index.html [运行时间：0.075518s][吞吐率：13.24req/s] [内存消耗：470.17kb] [文件加载：50]
[ info ] [ LANG ] /mnt/www/html/myphpweb/thinkphp/lang/zh-cn.php
[ info ] [ ROUTE ] array (
  'type' => 'module',
  'module' => 
  array (
    0 => 'index',
    1 => 'index',
    2 => 'index',
  ),
)
[ info ] [ HEADER ] array (
  'host' => 'www.myweb.com',
  'connection' => 'keep-alive',
  'cache-control' => 'max-age=0',
  'upgrade-insecure-requests' => '1',
  'user-agent' => 'Mozilla/5.0 (X11; Linux x86_64) AppleWebKit/537.36 (KHTML, like Gecko) Chrome/54.0.2840.90 Safari/537.36',
  'accept' => 'text/html,application/xhtml+xml,application/xml;q=0.9,image/webp,*/*;q=0.8',
  'accept-encoding' => 'gzip, deflate, sdch',
  'accept-language' => 'zh-CN,zh;q=0.8',
  'cookie' => 'PHPSESSID=6r52lmv2di8hcopsjohuue2vj5',
)
[ info ] [ PARAM ] array (
)
[ info ] [ RUN ] app\index\controller\Index->index[ /mnt/www/html/myphpweb/apps/index/controller/Index.php ]
[ info ] [ DB ] INIT mysql
[ info ] [ DB ] INIT mysql
[ info ] [ VIEW ] /mnt/www/html/myphpweb/apps/index/view/index/index.html [ array (
  0 => 'common_nf',
  1 => 'academyinfo',
  2 => 'dormitoryinfo',
) ]
[ info ] [ LOG ] INIT File
[ sql ] [ DB ] CONNECT:[ UseTime:0.004617s ] mysql:dbname=student_apartment_info;host=127.0.0.1;port=3306;charset=utf8
[ sql ] [ SQL ] select * from academyinfo order by AcademyId desc [ RunTime:0.013609s ]
[ sql ] [ DB ] CONNECT:[ UseTime:0.000621s ] mysql:dbname=student_apartment_info;host=127.0.0.1;port=3306;charset=utf8
[ sql ] [ SQL ] select DormitoryId,Building,Unit,DormitoryNo from dormitoryinfo order by Building,Unit,DormitoryNo ASC [ RunTime:0.011156s ]

---------------------------------------------------------------
[ 2016-12-16T06:25:10+08:00 ] 127.0.0.1 127.0.0.1 GET /index.php/index/index/index.html
[ log ] www.myweb.com/index.php/index/index/index.html [运行时间：0.060832s][吞吐率：16.44req/s] [内存消耗：469.66kb] [文件加载：50]
[ info ] [ LANG ] /mnt/www/html/myphpweb/thinkphp/lang/zh-cn.php
[ info ] [ ROUTE ] array (
  'type' => 'module',
  'module' => 
  array (
    0 => 'index',
    1 => 'index',
    2 => 'index',
  ),
)
[ info ] [ HEADER ] array (
  'host' => 'www.myweb.com',
  'connection' => 'keep-alive',
  'upgrade-insecure-requests' => '1',
  'user-agent' => 'Mozilla/5.0 (X11; Linux x86_64) AppleWebKit/537.36 (KHTML, like Gecko) Chrome/54.0.2840.90 Safari/537.36',
  'accept' => 'text/html,application/xhtml+xml,application/xml;q=0.9,image/webp,*/*;q=0.8',
  'accept-encoding' => 'gzip, deflate, sdch',
  'accept-language' => 'zh-CN,zh;q=0.8',
  'cookie' => 'PHPSESSID=6r52lmv2di8hcopsjohuue2vj5',
)
[ info ] [ PARAM ] array (
)
[ info ] [ RUN ] app\index\controller\Index->index[ /mnt/www/html/myphpweb/apps/index/controller/Index.php ]
[ info ] [ DB ] INIT mysql
[ info ] [ DB ] INIT mysql
[ info ] [ VIEW ] /mnt/www/html/myphpweb/apps/index/view/index/index.html [ array (
  0 => 'common_nf',
  1 => 'academyinfo',
  2 => 'dormitoryinfo',
) ]
[ info ] [ LOG ] INIT File
[ sql ] [ DB ] CONNECT:[ UseTime:0.013500s ] mysql:dbname=student_apartment_info;host=127.0.0.1;port=3306;charset=utf8
[ sql ] [ SQL ] select * from academyinfo order by AcademyId desc [ RunTime:0.016892s ]
[ sql ] [ DB ] CONNECT:[ UseTime:0.013643s ] mysql:dbname=student_apartment_info;host=127.0.0.1;port=3306;charset=utf8
[ sql ] [ SQL ] select DormitoryId,Building,Unit,DormitoryNo from dormitoryinfo order by Building,Unit,DormitoryNo ASC [ RunTime:0.015050s ]

---------------------------------------------------------------
[ 2016-12-16T06:25:33+08:00 ] 127.0.0.1 127.0.0.1 GET /index.php/index/index/index.html
[ log ] www.myweb.com/index.php/index/index/index.html [运行时间：0.037774s][吞吐率：26.47req/s] [内存消耗：470.17kb] [文件加载：50]
[ info ] [ LANG ] /mnt/www/html/myphpweb/thinkphp/lang/zh-cn.php
[ info ] [ ROUTE ] array (
  'type' => 'module',
  'module' => 
  array (
    0 => 'index',
    1 => 'index',
    2 => 'index',
  ),
)
[ info ] [ HEADER ] array (
  'host' => 'www.myweb.com',
  'connection' => 'keep-alive',
  'cache-control' => 'max-age=0',
  'upgrade-insecure-requests' => '1',
  'user-agent' => 'Mozilla/5.0 (X11; Linux x86_64) AppleWebKit/537.36 (KHTML, like Gecko) Chrome/54.0.2840.90 Safari/537.36',
  'accept' => 'text/html,application/xhtml+xml,application/xml;q=0.9,image/webp,*/*;q=0.8',
  'accept-encoding' => 'gzip, deflate, sdch',
  'accept-language' => 'zh-CN,zh;q=0.8',
  'cookie' => 'PHPSESSID=6r52lmv2di8hcopsjohuue2vj5',
)
[ info ] [ PARAM ] array (
)
[ info ] [ RUN ] app\index\controller\Index->index[ /mnt/www/html/myphpweb/apps/index/controller/Index.php ]
[ info ] [ DB ] INIT mysql
[ info ] [ DB ] INIT mysql
[ info ] [ VIEW ] /mnt/www/html/myphpweb/apps/index/view/index/index.html [ array (
  0 => 'common_nf',
  1 => 'academyinfo',
  2 => 'dormitoryinfo',
) ]
[ info ] [ LOG ] INIT File
[ sql ] [ DB ] CONNECT:[ UseTime:0.003838s ] mysql:dbname=student_apartment_info;host=127.0.0.1;port=3306;charset=utf8
[ sql ] [ SQL ] select * from academyinfo order by AcademyId desc [ RunTime:0.026308s ]
[ sql ] [ DB ] CONNECT:[ UseTime:0.000357s ] mysql:dbname=student_apartment_info;host=127.0.0.1;port=3306;charset=utf8
[ sql ] [ SQL ] select DormitoryId,Building,Unit,DormitoryNo from dormitoryinfo order by Building,Unit,DormitoryNo ASC [ RunTime:0.005410s ]

---------------------------------------------------------------
[ 2016-12-16T06:25:57+08:00 ] 127.0.0.1 127.0.0.1 GET /index.php/index/index/index.html
[ log ] www.myweb.com/index.php/index/index/index.html [运行时间：0.195769s][吞吐率：5.11req/s] [内存消耗：469.43kb] [文件加载：50]
[ info ] [ LANG ] /mnt/www/html/myphpweb/thinkphp/lang/zh-cn.php
[ info ] [ ROUTE ] array (
  'type' => 'module',
  'module' => 
  array (
    0 => 'index',
    1 => 'index',
    2 => 'index',
  ),
)
[ info ] [ HEADER ] array (
  'host' => 'www.myweb.com',
  'user-agent' => 'Mozilla/5.0 (X11; Ubuntu; Linux x86_64; rv:50.0) Gecko/20100101 Firefox/50.0',
  'accept' => 'text/html,application/xhtml+xml,application/xml;q=0.9,*/*;q=0.8',
  'accept-language' => 'en-US,en;q=0.5',
  'accept-encoding' => 'gzip, deflate',
  'connection' => 'keep-alive',
  'upgrade-insecure-requests' => '1',
)
[ info ] [ PARAM ] array (
)
[ info ] [ RUN ] app\index\controller\Index->index[ /mnt/www/html/myphpweb/apps/index/controller/Index.php ]
[ info ] [ DB ] INIT mysql
[ info ] [ DB ] INIT mysql
[ info ] [ VIEW ] /mnt/www/html/myphpweb/apps/index/view/index/index.html [ array (
  0 => 'common_nf',
  1 => 'academyinfo',
  2 => 'dormitoryinfo',
) ]
[ info ] [ LOG ] INIT File
[ sql ] [ DB ] CONNECT:[ UseTime:0.045803s ] mysql:dbname=student_apartment_info;host=127.0.0.1;port=3306;charset=utf8
[ sql ] [ SQL ] select * from academyinfo order by AcademyId desc [ RunTime:0.066850s ]
[ sql ] [ DB ] CONNECT:[ UseTime:0.034107s ] mysql:dbname=student_apartment_info;host=127.0.0.1;port=3306;charset=utf8
[ sql ] [ SQL ] select DormitoryId,Building,Unit,DormitoryNo from dormitoryinfo order by Building,Unit,DormitoryNo ASC [ RunTime:0.031822s ]

---------------------------------------------------------------
[ 2016-12-16T06:25:59+08:00 ] 127.0.0.1 127.0.0.1 GET /index.php/index/index/favicon.ico
[ log ] www.myweb.com/index.php/index/index/favicon.ico [运行时间：0.589686s][吞吐率：1.70req/s] [内存消耗：293.61kb] [文件加载：45]
[ info ] [ LANG ] /mnt/www/html/myphpweb/thinkphp/lang/zh-cn.php
[ info ] [ ROUTE ] array (
  'type' => 'module',
  'module' => 
  array (
    0 => 'index',
    1 => 'index',
    2 => 'favicon.ico',
  ),
)
[ info ] [ HEADER ] array (
  'host' => 'www.myweb.com',
  'user-agent' => 'Mozilla/5.0 (X11; Ubuntu; Linux x86_64; rv:50.0) Gecko/20100101 Firefox/50.0',
  'accept' => 'text/html,application/xhtml+xml,application/xml;q=0.9,*/*;q=0.8',
  'accept-language' => 'en-US,en;q=0.5',
  'accept-encoding' => 'gzip, deflate',
  'connection' => 'keep-alive',
)
[ info ] [ PARAM ] array (
)
[ info ] [ LOG ] INIT File

---------------------------------------------------------------
[ 2016-12-16T06:26:12+08:00 ] 127.0.0.1 127.0.0.1 GET /index.php/index/index/index.html
[ log ] www.myweb.com/index.php/index/index/index.html [运行时间：0.074456s][吞吐率：13.43req/s] [内存消耗：470.17kb] [文件加载：50]
[ info ] [ LANG ] /mnt/www/html/myphpweb/thinkphp/lang/zh-cn.php
[ info ] [ ROUTE ] array (
  'type' => 'module',
  'module' => 
  array (
    0 => 'index',
    1 => 'index',
    2 => 'index',
  ),
)
[ info ] [ HEADER ] array (
  'host' => 'www.myweb.com',
  'connection' => 'keep-alive',
  'cache-control' => 'max-age=0',
  'upgrade-insecure-requests' => '1',
  'user-agent' => 'Mozilla/5.0 (X11; Linux x86_64) AppleWebKit/537.36 (KHTML, like Gecko) Chrome/54.0.2840.90 Safari/537.36',
  'accept' => 'text/html,application/xhtml+xml,application/xml;q=0.9,image/webp,*/*;q=0.8',
  'accept-encoding' => 'gzip, deflate, sdch',
  'accept-language' => 'zh-CN,zh;q=0.8',
  'cookie' => 'PHPSESSID=6r52lmv2di8hcopsjohuue2vj5',
)
[ info ] [ PARAM ] array (
)
[ info ] [ RUN ] app\index\controller\Index->index[ /mnt/www/html/myphpweb/apps/index/controller/Index.php ]
[ info ] [ DB ] INIT mysql
[ info ] [ DB ] INIT mysql
[ info ] [ VIEW ] /mnt/www/html/myphpweb/apps/index/view/index/index.html [ array (
  0 => 'common_nf',
  1 => 'academyinfo',
  2 => 'dormitoryinfo',
) ]
[ info ] [ LOG ] INIT File
[ sql ] [ DB ] CONNECT:[ UseTime:0.012569s ] mysql:dbname=student_apartment_info;host=127.0.0.1;port=3306;charset=utf8
[ sql ] [ SQL ] select * from academyinfo order by AcademyId desc [ RunTime:0.023478s ]
[ sql ] [ DB ] CONNECT:[ UseTime:0.000455s ] mysql:dbname=student_apartment_info;host=127.0.0.1;port=3306;charset=utf8
[ sql ] [ SQL ] select DormitoryId,Building,Unit,DormitoryNo from dormitoryinfo order by Building,Unit,DormitoryNo ASC [ RunTime:0.022713s ]

---------------------------------------------------------------
[ 2016-12-16T06:26:12+08:00 ] 127.0.0.1 127.0.0.1 GET /index.php/index/index/index.html
[ log ] www.myweb.com/index.php/index/index/index.html [运行时间：0.107188s][吞吐率：9.33req/s] [内存消耗：470.17kb] [文件加载：50]
[ info ] [ LANG ] /mnt/www/html/myphpweb/thinkphp/lang/zh-cn.php
[ info ] [ ROUTE ] array (
  'type' => 'module',
  'module' => 
  array (
    0 => 'index',
    1 => 'index',
    2 => 'index',
  ),
)
[ info ] [ HEADER ] array (
  'host' => 'www.myweb.com',
  'connection' => 'keep-alive',
  'cache-control' => 'max-age=0',
  'upgrade-insecure-requests' => '1',
  'user-agent' => 'Mozilla/5.0 (X11; Linux x86_64) AppleWebKit/537.36 (KHTML, like Gecko) Chrome/54.0.2840.90 Safari/537.36',
  'accept' => 'text/html,application/xhtml+xml,application/xml;q=0.9,image/webp,*/*;q=0.8',
  'accept-encoding' => 'gzip, deflate, sdch',
  'accept-language' => 'zh-CN,zh;q=0.8',
  'cookie' => 'PHPSESSID=6r52lmv2di8hcopsjohuue2vj5',
)
[ info ] [ PARAM ] array (
)
[ info ] [ RUN ] app\index\controller\Index->index[ /mnt/www/html/myphpweb/apps/index/controller/Index.php ]
[ info ] [ DB ] INIT mysql
[ info ] [ DB ] INIT mysql
[ info ] [ VIEW ] /mnt/www/html/myphpweb/apps/index/view/index/index.html [ array (
  0 => 'common_nf',
  1 => 'academyinfo',
  2 => 'dormitoryinfo',
) ]
[ info ] [ LOG ] INIT File
[ sql ] [ DB ] CONNECT:[ UseTime:0.013307s ] mysql:dbname=student_apartment_info;host=127.0.0.1;port=3306;charset=utf8
[ sql ] [ SQL ] select * from academyinfo order by AcademyId desc [ RunTime:0.074900s ]
[ sql ] [ DB ] CONNECT:[ UseTime:0.001432s ] mysql:dbname=student_apartment_info;host=127.0.0.1;port=3306;charset=utf8
[ sql ] [ SQL ] select DormitoryId,Building,Unit,DormitoryNo from dormitoryinfo order by Building,Unit,DormitoryNo ASC [ RunTime:0.015094s ]

---------------------------------------------------------------
[ 2016-12-16T06:26:13+08:00 ] 127.0.0.1 127.0.0.1 GET /index.php/index/index/index.html
[ log ] www.myweb.com/index.php/index/index/index.html [运行时间：0.007961s][吞吐率：125.61req/s] [内存消耗：470.17kb] [文件加载：50]
[ info ] [ LANG ] /mnt/www/html/myphpweb/thinkphp/lang/zh-cn.php
[ info ] [ ROUTE ] array (
  'type' => 'module',
  'module' => 
  array (
    0 => 'index',
    1 => 'index',
    2 => 'index',
  ),
)
[ info ] [ HEADER ] array (
  'host' => 'www.myweb.com',
  'connection' => 'keep-alive',
  'cache-control' => 'max-age=0',
  'upgrade-insecure-requests' => '1',
  'user-agent' => 'Mozilla/5.0 (X11; Linux x86_64) AppleWebKit/537.36 (KHTML, like Gecko) Chrome/54.0.2840.90 Safari/537.36',
  'accept' => 'text/html,application/xhtml+xml,application/xml;q=0.9,image/webp,*/*;q=0.8',
  'accept-encoding' => 'gzip, deflate, sdch',
  'accept-language' => 'zh-CN,zh;q=0.8',
  'cookie' => 'PHPSESSID=6r52lmv2di8hcopsjohuue2vj5',
)
[ info ] [ PARAM ] array (
)
[ info ] [ RUN ] app\index\controller\Index->index[ /mnt/www/html/myphpweb/apps/index/controller/Index.php ]
[ info ] [ DB ] INIT mysql
[ info ] [ DB ] INIT mysql
[ info ] [ VIEW ] /mnt/www/html/myphpweb/apps/index/view/index/index.html [ array (
  0 => 'common_nf',
  1 => 'academyinfo',
  2 => 'dormitoryinfo',
) ]
[ info ] [ LOG ] INIT File
[ sql ] [ DB ] CONNECT:[ UseTime:0.002172s ] mysql:dbname=student_apartment_info;host=127.0.0.1;port=3306;charset=utf8
[ sql ] [ SQL ] select * from academyinfo order by AcademyId desc [ RunTime:0.002051s ]
[ sql ] [ DB ] CONNECT:[ UseTime:0.000409s ] mysql:dbname=student_apartment_info;host=127.0.0.1;port=3306;charset=utf8
[ sql ] [ SQL ] select DormitoryId,Building,Unit,DormitoryNo from dormitoryinfo order by Building,Unit,DormitoryNo ASC [ RunTime:0.001057s ]

---------------------------------------------------------------
[ 2016-12-16T06:26:13+08:00 ] 127.0.0.1 127.0.0.1 GET /index.php/index/index/index.html
[ log ] www.myweb.com/index.php/index/index/index.html [运行时间：0.044794s][吞吐率：22.32req/s] [内存消耗：470.17kb] [文件加载：50]
[ info ] [ LANG ] /mnt/www/html/myphpweb/thinkphp/lang/zh-cn.php
[ info ] [ ROUTE ] array (
  'type' => 'module',
  'module' => 
  array (
    0 => 'index',
    1 => 'index',
    2 => 'index',
  ),
)
[ info ] [ HEADER ] array (
  'host' => 'www.myweb.com',
  'connection' => 'keep-alive',
  'cache-control' => 'max-age=0',
  'upgrade-insecure-requests' => '1',
  'user-agent' => 'Mozilla/5.0 (X11; Linux x86_64) AppleWebKit/537.36 (KHTML, like Gecko) Chrome/54.0.2840.90 Safari/537.36',
  'accept' => 'text/html,application/xhtml+xml,application/xml;q=0.9,image/webp,*/*;q=0.8',
  'accept-encoding' => 'gzip, deflate, sdch',
  'accept-language' => 'zh-CN,zh;q=0.8',
  'cookie' => 'PHPSESSID=6r52lmv2di8hcopsjohuue2vj5',
)
[ info ] [ PARAM ] array (
)
[ info ] [ RUN ] app\index\controller\Index->index[ /mnt/www/html/myphpweb/apps/index/controller/Index.php ]
[ info ] [ DB ] INIT mysql
[ info ] [ DB ] INIT mysql
[ info ] [ VIEW ] /mnt/www/html/myphpweb/apps/index/view/index/index.html [ array (
  0 => 'common_nf',
  1 => 'academyinfo',
  2 => 'dormitoryinfo',
) ]
[ info ] [ LOG ] INIT File
[ sql ] [ DB ] CONNECT:[ UseTime:0.014263s ] mysql:dbname=student_apartment_info;host=127.0.0.1;port=3306;charset=utf8
[ sql ] [ SQL ] select * from academyinfo order by AcademyId desc [ RunTime:0.024527s ]
[ sql ] [ DB ] CONNECT:[ UseTime:0.001620s ] mysql:dbname=student_apartment_info;host=127.0.0.1;port=3306;charset=utf8
[ sql ] [ SQL ] select DormitoryId,Building,Unit,DormitoryNo from dormitoryinfo order by Building,Unit,DormitoryNo ASC [ RunTime:0.001915s ]

---------------------------------------------------------------
[ 2016-12-16T06:26:13+08:00 ] 127.0.0.1 127.0.0.1 GET /index.php/index/index/index.html
[ log ] www.myweb.com/index.php/index/index/index.html [运行时间：0.048930s][吞吐率：20.44req/s] [内存消耗：470.17kb] [文件加载：50]
[ info ] [ LANG ] /mnt/www/html/myphpweb/thinkphp/lang/zh-cn.php
[ info ] [ ROUTE ] array (
  'type' => 'module',
  'module' => 
  array (
    0 => 'index',
    1 => 'index',
    2 => 'index',
  ),
)
[ info ] [ HEADER ] array (
  'host' => 'www.myweb.com',
  'connection' => 'keep-alive',
  'cache-control' => 'max-age=0',
  'upgrade-insecure-requests' => '1',
  'user-agent' => 'Mozilla/5.0 (X11; Linux x86_64) AppleWebKit/537.36 (KHTML, like Gecko) Chrome/54.0.2840.90 Safari/537.36',
  'accept' => 'text/html,application/xhtml+xml,application/xml;q=0.9,image/webp,*/*;q=0.8',
  'accept-encoding' => 'gzip, deflate, sdch',
  'accept-language' => 'zh-CN,zh;q=0.8',
  'cookie' => 'PHPSESSID=6r52lmv2di8hcopsjohuue2vj5',
)
[ info ] [ PARAM ] array (
)
[ info ] [ RUN ] app\index\controller\Index->index[ /mnt/www/html/myphpweb/apps/index/controller/Index.php ]
[ info ] [ DB ] INIT mysql
[ info ] [ DB ] INIT mysql
[ info ] [ VIEW ] /mnt/www/html/myphpweb/apps/index/view/index/index.html [ array (
  0 => 'common_nf',
  1 => 'academyinfo',
  2 => 'dormitoryinfo',
) ]
[ info ] [ LOG ] INIT File
[ sql ] [ DB ] CONNECT:[ UseTime:0.001771s ] mysql:dbname=student_apartment_info;host=127.0.0.1;port=3306;charset=utf8
[ sql ] [ SQL ] select * from academyinfo order by AcademyId desc [ RunTime:0.028598s ]
[ sql ] [ DB ] CONNECT:[ UseTime:0.005112s ] mysql:dbname=student_apartment_info;host=127.0.0.1;port=3306;charset=utf8
[ sql ] [ SQL ] select DormitoryId,Building,Unit,DormitoryNo from dormitoryinfo order by Building,Unit,DormitoryNo ASC [ RunTime:0.011959s ]

---------------------------------------------------------------
[ 2016-12-16T06:26:13+08:00 ] 127.0.0.1 127.0.0.1 GET /index.php/index/index/index.html
[ log ] www.myweb.com/index.php/index/index/index.html [运行时间：0.046229s][吞吐率：21.63req/s] [内存消耗：470.17kb] [文件加载：50]
[ info ] [ LANG ] /mnt/www/html/myphpweb/thinkphp/lang/zh-cn.php
[ info ] [ ROUTE ] array (
  'type' => 'module',
  'module' => 
  array (
    0 => 'index',
    1 => 'index',
    2 => 'index',
  ),
)
[ info ] [ HEADER ] array (
  'host' => 'www.myweb.com',
  'connection' => 'keep-alive',
  'cache-control' => 'max-age=0',
  'upgrade-insecure-requests' => '1',
  'user-agent' => 'Mozilla/5.0 (X11; Linux x86_64) AppleWebKit/537.36 (KHTML, like Gecko) Chrome/54.0.2840.90 Safari/537.36',
  'accept' => 'text/html,application/xhtml+xml,application/xml;q=0.9,image/webp,*/*;q=0.8',
  'accept-encoding' => 'gzip, deflate, sdch',
  'accept-language' => 'zh-CN,zh;q=0.8',
  'cookie' => 'PHPSESSID=6r52lmv2di8hcopsjohuue2vj5',
)
[ info ] [ PARAM ] array (
)
[ info ] [ RUN ] app\index\controller\Index->index[ /mnt/www/html/myphpweb/apps/index/controller/Index.php ]
[ info ] [ DB ] INIT mysql
[ info ] [ DB ] INIT mysql
[ info ] [ VIEW ] /mnt/www/html/myphpweb/apps/index/view/index/index.html [ array (
  0 => 'common_nf',
  1 => 'academyinfo',
  2 => 'dormitoryinfo',
) ]
[ info ] [ LOG ] INIT File
[ sql ] [ DB ] CONNECT:[ UseTime:0.000511s ] mysql:dbname=student_apartment_info;host=127.0.0.1;port=3306;charset=utf8
[ sql ] [ SQL ] select * from academyinfo order by AcademyId desc [ RunTime:0.000964s ]
[ sql ] [ DB ] CONNECT:[ UseTime:0.011764s ] mysql:dbname=student_apartment_info;host=127.0.0.1;port=3306;charset=utf8
[ sql ] [ SQL ] select DormitoryId,Building,Unit,DormitoryNo from dormitoryinfo order by Building,Unit,DormitoryNo ASC [ RunTime:0.031349s ]

---------------------------------------------------------------
[ 2016-12-16T06:26:13+08:00 ] 127.0.0.1 127.0.0.1 GET /index.php/index/index/index.html
[ log ] www.myweb.com/index.php/index/index/index.html [运行时间：0.041019s][吞吐率：24.38req/s] [内存消耗：470.17kb] [文件加载：50]
[ info ] [ LANG ] /mnt/www/html/myphpweb/thinkphp/lang/zh-cn.php
[ info ] [ ROUTE ] array (
  'type' => 'module',
  'module' => 
  array (
    0 => 'index',
    1 => 'index',
    2 => 'index',
  ),
)
[ info ] [ HEADER ] array (
  'host' => 'www.myweb.com',
  'connection' => 'keep-alive',
  'cache-control' => 'max-age=0',
  'upgrade-insecure-requests' => '1',
  'user-agent' => 'Mozilla/5.0 (X11; Linux x86_64) AppleWebKit/537.36 (KHTML, like Gecko) Chrome/54.0.2840.90 Safari/537.36',
  'accept' => 'text/html,application/xhtml+xml,application/xml;q=0.9,image/webp,*/*;q=0.8',
  'accept-encoding' => 'gzip, deflate, sdch',
  'accept-language' => 'zh-CN,zh;q=0.8',
  'cookie' => 'PHPSESSID=6r52lmv2di8hcopsjohuue2vj5',
)
[ info ] [ PARAM ] array (
)
[ info ] [ RUN ] app\index\controller\Index->index[ /mnt/www/html/myphpweb/apps/index/controller/Index.php ]
[ info ] [ DB ] INIT mysql
[ info ] [ DB ] INIT mysql
[ info ] [ VIEW ] /mnt/www/html/myphpweb/apps/index/view/index/index.html [ array (
  0 => 'common_nf',
  1 => 'academyinfo',
  2 => 'dormitoryinfo',
) ]
[ info ] [ LOG ] INIT File
[ sql ] [ DB ] CONNECT:[ UseTime:0.010555s ] mysql:dbname=student_apartment_info;host=127.0.0.1;port=3306;charset=utf8
[ sql ] [ SQL ] select * from academyinfo order by AcademyId desc [ RunTime:0.017918s ]
[ sql ] [ DB ] CONNECT:[ UseTime:0.007904s ] mysql:dbname=student_apartment_info;host=127.0.0.1;port=3306;charset=utf8
[ sql ] [ SQL ] select DormitoryId,Building,Unit,DormitoryNo from dormitoryinfo order by Building,Unit,DormitoryNo ASC [ RunTime:0.002740s ]

---------------------------------------------------------------
[ 2016-12-16T06:26:14+08:00 ] 127.0.0.1 127.0.0.1 GET /index.php/index/index/index.html
[ log ] www.myweb.com/index.php/index/index/index.html [运行时间：0.038858s][吞吐率：25.73req/s] [内存消耗：470.17kb] [文件加载：50]
[ info ] [ LANG ] /mnt/www/html/myphpweb/thinkphp/lang/zh-cn.php
[ info ] [ ROUTE ] array (
  'type' => 'module',
  'module' => 
  array (
    0 => 'index',
    1 => 'index',
    2 => 'index',
  ),
)
[ info ] [ HEADER ] array (
  'host' => 'www.myweb.com',
  'connection' => 'keep-alive',
  'cache-control' => 'max-age=0',
  'upgrade-insecure-requests' => '1',
  'user-agent' => 'Mozilla/5.0 (X11; Linux x86_64) AppleWebKit/537.36 (KHTML, like Gecko) Chrome/54.0.2840.90 Safari/537.36',
  'accept' => 'text/html,application/xhtml+xml,application/xml;q=0.9,image/webp,*/*;q=0.8',
  'accept-encoding' => 'gzip, deflate, sdch',
  'accept-language' => 'zh-CN,zh;q=0.8',
  'cookie' => 'PHPSESSID=6r52lmv2di8hcopsjohuue2vj5',
)
[ info ] [ PARAM ] array (
)
[ info ] [ RUN ] app\index\controller\Index->index[ /mnt/www/html/myphpweb/apps/index/controller/Index.php ]
[ info ] [ DB ] INIT mysql
[ info ] [ DB ] INIT mysql
[ info ] [ VIEW ] /mnt/www/html/myphpweb/apps/index/view/index/index.html [ array (
  0 => 'common_nf',
  1 => 'academyinfo',
  2 => 'dormitoryinfo',
) ]
[ info ] [ LOG ] INIT File
[ sql ] [ DB ] CONNECT:[ UseTime:0.018549s ] mysql:dbname=student_apartment_info;host=127.0.0.1;port=3306;charset=utf8
[ sql ] [ SQL ] select * from academyinfo order by AcademyId desc [ RunTime:0.015861s ]
[ sql ] [ DB ] CONNECT:[ UseTime:0.001067s ] mysql:dbname=student_apartment_info;host=127.0.0.1;port=3306;charset=utf8
[ sql ] [ SQL ] select DormitoryId,Building,Unit,DormitoryNo from dormitoryinfo order by Building,Unit,DormitoryNo ASC [ RunTime:0.001258s ]

---------------------------------------------------------------
[ 2016-12-16T06:26:14+08:00 ] 127.0.0.1 127.0.0.1 GET /index.php/index/index/index.html
[ log ] www.myweb.com/index.php/index/index/index.html [运行时间：0.033117s][吞吐率：30.20req/s] [内存消耗：470.17kb] [文件加载：50]
[ info ] [ LANG ] /mnt/www/html/myphpweb/thinkphp/lang/zh-cn.php
[ info ] [ ROUTE ] array (
  'type' => 'module',
  'module' => 
  array (
    0 => 'index',
    1 => 'index',
    2 => 'index',
  ),
)
[ info ] [ HEADER ] array (
  'host' => 'www.myweb.com',
  'connection' => 'keep-alive',
  'cache-control' => 'max-age=0',
  'upgrade-insecure-requests' => '1',
  'user-agent' => 'Mozilla/5.0 (X11; Linux x86_64) AppleWebKit/537.36 (KHTML, like Gecko) Chrome/54.0.2840.90 Safari/537.36',
  'accept' => 'text/html,application/xhtml+xml,application/xml;q=0.9,image/webp,*/*;q=0.8',
  'accept-encoding' => 'gzip, deflate, sdch',
  'accept-language' => 'zh-CN,zh;q=0.8',
  'cookie' => 'PHPSESSID=6r52lmv2di8hcopsjohuue2vj5',
)
[ info ] [ PARAM ] array (
)
[ info ] [ RUN ] app\index\controller\Index->index[ /mnt/www/html/myphpweb/apps/index/controller/Index.php ]
[ info ] [ DB ] INIT mysql
[ info ] [ DB ] INIT mysql
[ info ] [ VIEW ] /mnt/www/html/myphpweb/apps/index/view/index/index.html [ array (
  0 => 'common_nf',
  1 => 'academyinfo',
  2 => 'dormitoryinfo',
) ]
[ info ] [ LOG ] INIT File
[ sql ] [ DB ] CONNECT:[ UseTime:0.021853s ] mysql:dbname=student_apartment_info;host=127.0.0.1;port=3306;charset=utf8
[ sql ] [ SQL ] select * from academyinfo order by AcademyId desc [ RunTime:0.001853s ]
[ sql ] [ DB ] CONNECT:[ UseTime:0.000736s ] mysql:dbname=student_apartment_info;host=127.0.0.1;port=3306;charset=utf8
[ sql ] [ SQL ] select DormitoryId,Building,Unit,DormitoryNo from dormitoryinfo order by Building,Unit,DormitoryNo ASC [ RunTime:0.003036s ]

---------------------------------------------------------------
[ 2016-12-16T06:26:14+08:00 ] 127.0.0.1 127.0.0.1 GET /index.php/index/index/index.html
[ log ] www.myweb.com/index.php/index/index/index.html [运行时间：0.028138s][吞吐率：35.54req/s] [内存消耗：470.17kb] [文件加载：50]
[ info ] [ LANG ] /mnt/www/html/myphpweb/thinkphp/lang/zh-cn.php
[ info ] [ ROUTE ] array (
  'type' => 'module',
  'module' => 
  array (
    0 => 'index',
    1 => 'index',
    2 => 'index',
  ),
)
[ info ] [ HEADER ] array (
  'host' => 'www.myweb.com',
  'connection' => 'keep-alive',
  'cache-control' => 'max-age=0',
  'upgrade-insecure-requests' => '1',
  'user-agent' => 'Mozilla/5.0 (X11; Linux x86_64) AppleWebKit/537.36 (KHTML, like Gecko) Chrome/54.0.2840.90 Safari/537.36',
  'accept' => 'text/html,application/xhtml+xml,application/xml;q=0.9,image/webp,*/*;q=0.8',
  'accept-encoding' => 'gzip, deflate, sdch',
  'accept-language' => 'zh-CN,zh;q=0.8',
  'cookie' => 'PHPSESSID=6r52lmv2di8hcopsjohuue2vj5',
)
[ info ] [ PARAM ] array (
)
[ info ] [ RUN ] app\index\controller\Index->index[ /mnt/www/html/myphpweb/apps/index/controller/Index.php ]
[ info ] [ DB ] INIT mysql
[ info ] [ DB ] INIT mysql
[ info ] [ VIEW ] /mnt/www/html/myphpweb/apps/index/view/index/index.html [ array (
  0 => 'common_nf',
  1 => 'academyinfo',
  2 => 'dormitoryinfo',
) ]
[ info ] [ LOG ] INIT File
[ sql ] [ DB ] CONNECT:[ UseTime:0.000823s ] mysql:dbname=student_apartment_info;host=127.0.0.1;port=3306;charset=utf8
[ sql ] [ SQL ] select * from academyinfo order by AcademyId desc [ RunTime:0.001144s ]
[ sql ] [ DB ] CONNECT:[ UseTime:0.000477s ] mysql:dbname=student_apartment_info;host=127.0.0.1;port=3306;charset=utf8
[ sql ] [ SQL ] select DormitoryId,Building,Unit,DormitoryNo from dormitoryinfo order by Building,Unit,DormitoryNo ASC [ RunTime:0.023176s ]

---------------------------------------------------------------
[ 2016-12-16T06:26:41+08:00 ] 127.0.0.1 127.0.0.1 GET /index.php
[ log ] www.myweb.com/index.php [运行时间：0.061680s][吞吐率：16.21req/s] [内存消耗：469.45kb] [文件加载：50]
[ info ] [ LANG ] /mnt/www/html/myphpweb/thinkphp/lang/zh-cn.php
[ info ] [ ROUTE ] array (
  'type' => 'module',
  'module' => 
  array (
    0 => '',
    1 => NULL,
    2 => NULL,
  ),
)
[ info ] [ HEADER ] array (
  'host' => 'www.myweb.com',
  'connection' => 'keep-alive',
  'upgrade-insecure-requests' => '1',
  'user-agent' => 'Mozilla/5.0 (X11; Linux x86_64) AppleWebKit/537.36 (KHTML, like Gecko) Chrome/54.0.2840.90 Safari/537.36',
  'accept' => 'text/html,application/xhtml+xml,application/xml;q=0.9,image/webp,*/*;q=0.8',
  'accept-encoding' => 'gzip, deflate, sdch',
  'accept-language' => 'zh-CN,zh;q=0.8',
  'cookie' => 'PHPSESSID=6r52lmv2di8hcopsjohuue2vj5',
)
[ info ] [ PARAM ] array (
)
[ info ] [ RUN ] app\index\controller\Index->index[ /mnt/www/html/myphpweb/apps/index/controller/Index.php ]
[ info ] [ DB ] INIT mysql
[ info ] [ DB ] INIT mysql
[ info ] [ VIEW ] /mnt/www/html/myphpweb/apps/index/view/index/index.html [ array (
  0 => 'common_nf',
  1 => 'academyinfo',
  2 => 'dormitoryinfo',
) ]
[ info ] [ LOG ] INIT File
[ sql ] [ DB ] CONNECT:[ UseTime:0.000392s ] mysql:dbname=student_apartment_info;host=127.0.0.1;port=3306;charset=utf8
[ sql ] [ SQL ] select * from academyinfo order by AcademyId desc [ RunTime:0.012634s ]
[ sql ] [ DB ] CONNECT:[ UseTime:0.008188s ] mysql:dbname=student_apartment_info;host=127.0.0.1;port=3306;charset=utf8
[ sql ] [ SQL ] select DormitoryId,Building,Unit,DormitoryNo from dormitoryinfo order by Building,Unit,DormitoryNo ASC [ RunTime:0.038085s ]

---------------------------------------------------------------
[ 2016-12-16T06:27:03+08:00 ] 127.0.0.1 127.0.0.1 GET /index.php
[ log ] www.myweb.com/index.php [运行时间：0.101552s][吞吐率：9.85req/s] [内存消耗：469.97kb] [文件加载：50]
[ info ] [ LANG ] /mnt/www/html/myphpweb/thinkphp/lang/zh-cn.php
[ info ] [ ROUTE ] array (
  'type' => 'module',
  'module' => 
  array (
    0 => '',
    1 => NULL,
    2 => NULL,
  ),
)
[ info ] [ HEADER ] array (
  'host' => 'www.myweb.com',
  'connection' => 'keep-alive',
  'cache-control' => 'max-age=0',
  'upgrade-insecure-requests' => '1',
  'user-agent' => 'Mozilla/5.0 (X11; Linux x86_64) AppleWebKit/537.36 (KHTML, like Gecko) Chrome/54.0.2840.90 Safari/537.36',
  'accept' => 'text/html,application/xhtml+xml,application/xml;q=0.9,image/webp,*/*;q=0.8',
  'accept-encoding' => 'gzip, deflate, sdch',
  'accept-language' => 'zh-CN,zh;q=0.8',
  'cookie' => 'PHPSESSID=6r52lmv2di8hcopsjohuue2vj5',
)
[ info ] [ PARAM ] array (
)
[ info ] [ RUN ] app\index\controller\Index->index[ /mnt/www/html/myphpweb/apps/index/controller/Index.php ]
[ info ] [ DB ] INIT mysql
[ info ] [ DB ] INIT mysql
[ info ] [ VIEW ] /mnt/www/html/myphpweb/apps/index/view/index/index.html [ array (
  0 => 'common_nf',
  1 => 'academyinfo',
  2 => 'dormitoryinfo',
) ]
[ info ] [ LOG ] INIT File
[ sql ] [ DB ] CONNECT:[ UseTime:0.007035s ] mysql:dbname=student_apartment_info;host=127.0.0.1;port=3306;charset=utf8
[ sql ] [ SQL ] select * from academyinfo order by AcademyId desc [ RunTime:0.019909s ]
[ sql ] [ DB ] CONNECT:[ UseTime:0.013897s ] mysql:dbname=student_apartment_info;host=127.0.0.1;port=3306;charset=utf8
[ sql ] [ SQL ] select DormitoryId,Building,Unit,DormitoryNo from dormitoryinfo order by Building,Unit,DormitoryNo ASC [ RunTime:0.030067s ]

---------------------------------------------------------------
[ 2016-12-16T06:28:59+08:00 ] 127.0.0.1 127.0.0.1 GET /index.php
[ log ] www.myweb.com/index.php [运行时间：0.066490s][吞吐率：15.04req/s] [内存消耗：469.97kb] [文件加载：50]
[ info ] [ LANG ] /mnt/www/html/myphpweb/thinkphp/lang/zh-cn.php
[ info ] [ ROUTE ] array (
  'type' => 'module',
  'module' => 
  array (
    0 => '',
    1 => NULL,
    2 => NULL,
  ),
)
[ info ] [ HEADER ] array (
  'host' => 'www.myweb.com',
  'connection' => 'keep-alive',
  'cache-control' => 'max-age=0',
  'upgrade-insecure-requests' => '1',
  'user-agent' => 'Mozilla/5.0 (X11; Linux x86_64) AppleWebKit/537.36 (KHTML, like Gecko) Chrome/54.0.2840.90 Safari/537.36',
  'accept' => 'text/html,application/xhtml+xml,application/xml;q=0.9,image/webp,*/*;q=0.8',
  'accept-encoding' => 'gzip, deflate, sdch',
  'accept-language' => 'zh-CN,zh;q=0.8',
  'cookie' => 'PHPSESSID=6r52lmv2di8hcopsjohuue2vj5',
)
[ info ] [ PARAM ] array (
)
[ info ] [ RUN ] app\index\controller\Index->index[ /mnt/www/html/myphpweb/apps/index/controller/Index.php ]
[ info ] [ DB ] INIT mysql
[ info ] [ DB ] INIT mysql
[ info ] [ VIEW ] /mnt/www/html/myphpweb/apps/index/view/index/index.html [ array (
  0 => 'common_nf',
  1 => 'academyinfo',
  2 => 'dormitoryinfo',
) ]
[ info ] [ LOG ] INIT File
[ sql ] [ DB ] CONNECT:[ UseTime:0.015734s ] mysql:dbname=student_apartment_info;host=127.0.0.1;port=3306;charset=utf8
[ sql ] [ SQL ] select * from academyinfo order by AcademyId desc [ RunTime:0.033902s ]
[ sql ] [ DB ] CONNECT:[ UseTime:0.000433s ] mysql:dbname=student_apartment_info;host=127.0.0.1;port=3306;charset=utf8
[ sql ] [ SQL ] select DormitoryId,Building,Unit,DormitoryNo from dormitoryinfo order by Building,Unit,DormitoryNo ASC [ RunTime:0.014466s ]

---------------------------------------------------------------
